  Performing full C++ include scan (building a new target)
  Using 'git status' to determine working set for adaptive non-unity build.
  Creating makefile for LudensVR_Project_01Editor (no existing makefile)
  Using Visual Studio 2017 14.16.27023 toolchain (C:\Program Files (x86)\Microsoft Visual Studio\2017\Community\VC\Tools\MSVC\14.16.27023) and Windows 10.0.17763.0 SDK (C:\Program Files (x86)\Windows Kits\10).
  Deleting old hot reload file: "D:\Mars_GitHub\LudensVR_Project_02\LudensVR_Project_02\Binaries\Win64\UE4Editor-LudensVR_Project_01-5118.dll".
  Deleting old hot reload file: "D:\Mars_GitHub\LudensVR_Project_02\LudensVR_Project_02\Binaries\Win64\UE4Editor-LudensVR_Project_01-5118.pdb".
  Deleting old hot reload file: "D:\Mars_GitHub\LudensVR_Project_02\LudensVR_Project_02\Binaries\Win64\UE4Editor-LudensVR_Project_01-7225.dll".
  Deleting old hot reload file: "D:\Mars_GitHub\LudensVR_Project_02\LudensVR_Project_02\Binaries\Win64\UE4Editor-LudensVR_Project_01-7225.pdb".
  Deleting old hot reload file: "D:\Mars_GitHub\LudensVR_Project_02\LudensVR_Project_02\Binaries\Win64\UE4Editor-LudensVR_Project_01-8364.dll".
  Deleting old hot reload file: "D:\Mars_GitHub\LudensVR_Project_02\LudensVR_Project_02\Binaries\Win64\UE4Editor-LudensVR_Project_01-8364.pdb".
  Deleting old hot reload file: "D:\Mars_GitHub\LudensVR_Project_02\LudensVR_Project_02\Binaries\Win64\UE4Editor-LudensVR_Project_01-8403.dll".
  Deleting old hot reload file: "D:\Mars_GitHub\LudensVR_Project_02\LudensVR_Project_02\Binaries\Win64\UE4Editor-LudensVR_Project_01-8403.pdb".
  Deleting old hot reload file: "D:\Mars_GitHub\LudensVR_Project_02\LudensVR_Project_02\Binaries\Win64\UE4Editor-LudensVR_Project_01-9506.dll".
  Deleting old hot reload file: "D:\Mars_GitHub\LudensVR_Project_02\LudensVR_Project_02\Binaries\Win64\UE4Editor-LudensVR_Project_01-9506.pdb".
  Building 2 actions with 20 processes...
    [1/2] UE4Editor-LudensVR_Project_01.lib
       D:\Mars_GitHub\LudensVR_Project_02\LudensVR_Project_02\Intermediate\Build\Win64\UE4Editor\Development\LudensVR_Project_01\UE4Editor-LudensVR_Project_01.lib ????귯?? ?? D:\Mars_GitHub\LudensVR_Project_02\LudensVR_Project_02\Intermediate\Build\Win64\UE4Editor\Development\LudensVR_Project_01\UE4Editor-LudensVR_Project_01.exp ??u?? ??????? ??????.
    [2/2] UE4Editor-LudensVR_Project_01.dll
       D:\Mars_GitHub\LudensVR_Project_02\LudensVR_Project_02\Intermediate\Build\Win64\UE4Editor\Development\LudensVR_Project_01\UE4Editor-LudensVR_Project_01.suppressed.lib ????귯?? ?? D:\Mars_GitHub\LudensVR_Project_02\LudensVR_Project_02\Intermediate\Build\Win64\UE4Editor\Development\LudensVR_Project_01\UE4Editor-LudensVR_Project_01.suppressed.exp ??u?? ??????? ??????.
  Deploying LudensVR_Project_01Editor Win64 Development...
  Total build time: 20.49 seconds (Parallel executor: 3.04 seconds)
