Log file open, 01/13/20 15:08:25
LogWindows: Failed to load 'aqProf.dll' (GetLastError=126)
LogWindows: File 'aqProf.dll' does not exist
LogWindows: Failed to load 'VtuneApi.dll' (GetLastError=126)
LogWindows: File 'VtuneApi.dll' does not exist
LogWindows: Failed to load 'VtuneApi32e.dll' (GetLastError=126)
LogWindows: File 'VtuneApi32e.dll' does not exist
LogPlatformFile: Not using cached read wrapper
LogInit: Display: No sandbox specified, assuming ../../../../../Epic Games/UE_4.20/../../Mars_GitHub/LudensVR_Project_02/LudensVR_Project_02/Saved/Cooked/WindowsNoEditor
LogTaskGraph: Started task graph with 5 named threads and 59 total threads with 3 sets of task threads.
LogStats: Stats thread started at 0.805030
LogICUInternationalization: Display: ICU TimeZone Detection - Raw Offset: +9:00, Platform Override: ''
LogPluginManager: Mounting plugin Paper2D
LogPluginManager: Mounting plugin AISupport
LogPluginManager: Mounting plugin LightPropagationVolume
LogPluginManager: Mounting plugin CLionSourceCodeAccess
LogPluginManager: Mounting plugin CodeLiteSourceCodeAccess
LogPluginManager: Mounting plugin GitSourceControl
LogPluginManager: Mounting plugin KDevelopSourceCodeAccess
LogPluginManager: Mounting plugin NullSourceCodeAccess
LogPluginManager: Mounting plugin PerforceSourceControl
LogPluginManager: Mounting plugin SubversionSourceControl
LogPluginManager: Mounting plugin UObjectPlugin
LogPluginManager: Mounting plugin VisualStudioCodeSourceCodeAccess
LogPluginManager: Mounting plugin VisualStudioSourceCodeAccess
LogPluginManager: Mounting plugin XCodeSourceCodeAccess
LogPluginManager: Mounting plugin AssetManagerEditor
LogPluginManager: Mounting plugin CryptoKeys
LogPluginManager: Mounting plugin DataValidation
LogPluginManager: Mounting plugin FacialAnimation
LogPluginManager: Mounting plugin GameplayTagsEditor
LogPluginManager: Mounting plugin MacGraphicsSwitching
LogPluginManager: Mounting plugin MeshEditor
LogPluginManager: Mounting plugin MobileLauncherProfileWizard
LogPluginManager: Mounting plugin PluginBrowser
LogPluginManager: Mounting plugin SpeedTreeImporter
LogPluginManager: Mounting plugin DatasmithContent
LogPluginManager: Mounting plugin AlembicImporter
LogPluginManager: Mounting plugin AppleImageUtils
LogPluginManager: Mounting plugin AppleVision
LogPluginManager: Mounting plugin BackChannel
LogPluginManager: Mounting plugin CharacterAI
LogPluginManager: Mounting plugin GeometryCache
LogPluginManager: Mounting plugin HTML5Networking
LogPluginManager: Mounting plugin ProxyLODPlugin
LogPluginManager: Mounting plugin AndroidMedia
LogPluginManager: Mounting plugin AvfMedia
LogPluginManager: Mounting plugin ImgMedia
LogPluginManager: Mounting plugin LinearTimecode
LogPluginManager: Mounting plugin MediaCompositing
LogPluginManager: Mounting plugin MediaPlayerEditor
LogPluginManager: Mounting plugin WmfMedia
LogPluginManager: Mounting plugin TcpMessaging
LogPluginManager: Mounting plugin UdpMessaging
LogPluginManager: Mounting plugin ActorSequence
LogPluginManager: Mounting plugin LevelSequenceEditor
LogPluginManager: Mounting plugin MatineeToLevelSequence
LogPluginManager: Mounting plugin NetcodeUnitTest
LogPluginManager: Mounting plugin NUTUnrealEngine4
LogPluginManager: Mounting plugin OnlineSubsystem
LogPluginManager: Mounting plugin OnlineSubsystemNull
LogPluginManager: Mounting plugin OnlineSubsystemUtils
LogPluginManager: Mounting plugin LauncherChunkInstaller
LogPluginManager: Mounting plugin AndroidDeviceProfileSelector
LogPluginManager: Mounting plugin AndroidMoviePlayer
LogPluginManager: Mounting plugin AndroidPermission
LogPluginManager: Mounting plugin AppleMoviePlayer
LogPluginManager: Mounting plugin ArchVisCharacter
LogPluginManager: Mounting plugin AudioCapture
LogPluginManager: Mounting plugin CableComponent
LogPluginManager: Mounting plugin CustomMeshComponent
LogPluginManager: Mounting plugin EditableMesh
LogPluginManager: Mounting plugin ExampleDeviceProfileSelector
LogPluginManager: Mounting plugin GoogleCloudMessaging
LogPluginManager: Mounting plugin ImmediatePhysics
LogPluginManager: Mounting plugin IOSDeviceProfileSelector
LogPluginManager: Mounting plugin LinuxDeviceProfileSelector
LogPluginManager: Mounting plugin LocationServicesBPLibrary
LogPluginManager: Mounting plugin MobilePatchingUtils
LogPluginManager: Mounting plugin OculusVR
LogPluginManager: Plugin shader directory ../../../../../Epic Games/UE_4.20/Engine/Plugins/Runtime/Oculus/OculusVR/Shaders found
LogPluginManager: Mapping shader source directory ../../../../../Epic Games/UE_4.20/Engine/Plugins/Runtime/Oculus/OculusVR/Shaders to virtual directory /Plugin/OculusVR
LogPluginManager: Mounting plugin PhysXVehicles
LogPluginManager: Mounting plugin ProceduralMeshComponent
LogPluginManager: Mounting plugin RuntimePhysXCooking
LogPluginManager: Mounting plugin SteamVR
LogPluginManager: Mounting plugin WindowsMoviePlayer
LogStreaming: Display: Took  0.118s to configure plugins.
LogInit: Using libcurl 7.55.1-DEV
LogInit:  - built for i386-pc-win32
LogInit:  - supports SSL with OpenSSL/1.0.2g
LogInit:  - supports HTTP deflate (compression) using libz 1.2.8
LogInit:  - other features:
LogInit:      CURL_VERSION_SSL
LogInit:      CURL_VERSION_LIBZ
LogInit:      CURL_VERSION_IPV6
LogInit:      CURL_VERSION_ASYNCHDNS
LogInit:      CURL_VERSION_LARGEFILE
LogInit:      CURL_VERSION_IDN
LogInit:  CurlRequestOptions (configurable via config and command line):
LogInit:  - bVerifyPeer = false  - Libcurl will NOT verify peer certificate
LogInit:  - bUseHttpProxy = false  - Libcurl will NOT use HTTP proxy
LogInit:  - bDontReuseConnections = false  - Libcurl will reuse connections
LogInit:  - CertBundlePath = nullptr  - Libcurl will use whatever was configured at build time.
LogInit:  - MaxHostConnections = 16  - Libcurl will limit the number of connections to a host
LogInit:  - LocalHostAddr = Default
LogInit:  - BufferSize = 65536
LogInit: WinSock: version 1.1 (2.2), MaxSocks=32767, MaxUdp=65467
LogInit: Build: ++UE4+Release-4.20-CL-4369336
LogInit: Engine Version: 4.20.3-4369336+++UE4+Release-4.20
LogInit: Compatible Engine Version: 4.20.0-4212847+++UE4+Release-4.20
LogInit: Net CL: 4212847
LogInit: OS: Windows 8 (), CPU: Intel(R) Xeon(R) CPU E5-2640 v4 @ 2.40GHz, GPU: NVIDIA Quadro M4000
LogInit: Compiled (32-bit): Sep 17 2018 12:45:54
LogInit: Compiled with Visual C++: 19.00.24215.01
LogInit: Build Configuration: Development
LogInit: Branch Name: ++UE4+Release-4.20
LogInit: Command Line: 
LogInit: Base Directory: D:/Mars_GitHub/LudensVR_Project_02/LudensVR_Project_02/Binaries/Win32/
LogInit: Installed Engine Build: 1
LogDevObjectVersion: Number of dev versions registered: 20
LogDevObjectVersion:   Dev-Blueprints (B0D832E4-1F89-4F0D-ACCF-7EB736FD4AA2): 10
LogDevObjectVersion:   Dev-Build (E1C64328-A22C-4D53-A36C-8E866417BD8C): 0
LogDevObjectVersion:   Dev-Core (375EC13C-06E4-48FB-B500-84F0262A717E): 2
LogDevObjectVersion:   Dev-Editor (E4B068ED-F494-42E9-A231-DA0B2E46BB41): 24
LogDevObjectVersion:   Dev-Framework (CFFC743F-43B0-4480-9391-14DF171D2073): 34
LogDevObjectVersion:   Dev-Mobile (B02B49B5-BB20-44E9-A304-32B752E40360): 2
LogDevObjectVersion:   Dev-Networking (A4E4105C-59A1-49B5-A7C5-40C4547EDFEE): 0
LogDevObjectVersion:   Dev-Online (39C831C9-5AE6-47DC-9A44-9C173E1C8E7C): 0
LogDevObjectVersion:   Dev-Physics (78F01B33-EBEA-4F98-B9B4-84EACCB95AA2): 0
LogDevObjectVersion:   Dev-Platform (6631380F-2D4D-43E0-8009-CF276956A95A): 0
LogDevObjectVersion:   Dev-Rendering (12F88B9F-8875-4AFC-A67C-D90C383ABD29): 26
LogDevObjectVersion:   Dev-Sequencer (7B5AE74C-D270-4C10-A958-57980B212A5A): 9
LogDevObjectVersion:   Dev-VR (D7296918-1DD6-4BDD-9DE2-64A83CC13884): 2
LogDevObjectVersion:   Dev-LoadTimes (C2A15278-BFE7-4AFE-6C17-90FF531DF755): 1
LogDevObjectVersion:   Private-Geometry (6EACA3D4-40EC-4CC1-B786-8BED09428FC5): 3
LogDevObjectVersion:   Dev-AnimPhys (29E575DD-E0A3-4627-9D10-D276232CDCEA): 17
LogDevObjectVersion:   Dev-ReflectionCapture (6B266CEC-1EC7-4B8F-A30B-E4D90942FC07): 1
LogDevObjectVersion:   Dev-Automation (0DF73D61-A23F-47EA-B727-89E90C41499A): 1
LogDevObjectVersion:   FortniteMain (601D1886-AC64-4F84-AA16-D3DE0DEAC7D6): 12
LogDevObjectVersion:   Dev-Enterprise (9DFFBCD6-494F-0158-E221-12823C92A888): 1
LogStreaming: Display: Took  0.009s to delete old logs.
LogInit: Presizing for max 2097152 objects, including 0 objects not considered by GC, pre-allocating 0 bytes for permanent pool.
LogStreaming: Display: Async Loading initialized: Event Driven Loader: true, Async Loading Thread: false, Async Post Load: true
LogInit: Object subsystem initialized
[2020.01.13-06.08.26:247][  0]LogInit: Selected Device Profile: [WindowsNoEditor]
[2020.01.13-06.08.26:247][  0]LogInit: Applying CVar settings loaded from the selected device profile: [WindowsNoEditor]
[2020.01.13-06.08.26:278][  0]LogHAL: Display: Platform has ~ 64 GB [68637433856 / 68719476736 / 64], which maps to Largest [LargestMinGB=32, LargerMinGB=12, DefaultMinGB=8, SmallerMinGB=6, SmallestMinGB=0)
[2020.01.13-06.08.26:278][  0]LogInit: Going up to parent DeviceProfile [Windows]
[2020.01.13-06.08.26:278][  0]LogInit: Setting Device Profile CVar: [[r.Vulkan.UseRealUBs:1]]
[2020.01.13-06.08.26:278][  0]LogInit: Going up to parent DeviceProfile []
[2020.01.13-06.08.26:279][  0]LogInit: Computer: 3DCL-MARS
[2020.01.13-06.08.26:279][  0]LogInit: User: 3DCLGamma
[2020.01.13-06.08.26:279][  0]LogInit: CPU Page size=4096, Cores=10
[2020.01.13-06.08.26:279][  0]LogInit: High frequency timer resolution =10.000000 MHz
[2020.01.13-06.08.26:279][  0]LogMemory: Memory total: Physical=63.9GB (64GB approx) Virtual=4.0GB
[2020.01.13-06.08.26:279][  0]LogMemory: Platform Memory Stats for WindowsNoEditor
[2020.01.13-06.08.26:279][  0]LogMemory: Process Physical Memory: 56.52 MB used, 56.52 MB peak
[2020.01.13-06.08.26:279][  0]LogMemory: Process Virtual Memory: 72.75 MB used, 72.75 MB peak
[2020.01.13-06.08.26:279][  0]LogMemory: Physical Memory: 7371.92 MB used,  58085.84 MB free, 65457.76 MB total
[2020.01.13-06.08.26:279][  0]LogMemory: Virtual Memory: 333.31 MB used,  58085.84 MB free, 4095.88 MB total
[2020.01.13-06.08.26:546][  0]LogInit: Using OS detected language (ko-KR).
[2020.01.13-06.08.26:546][  0]LogInit: Using OS detected locale (ko-KR).
[2020.01.13-06.08.26:547][  0]LogTextLocalizationManager: No specific localization for 'ko-KR' exists, so the 'ko' localization will be used.
[2020.01.13-06.08.26:559][  0]LogStreaming: Display: Took  0.013s to InitEngineTextLocalization.
[2020.01.13-06.08.26:785][  0]LogSlate: New Slate User Created.  User Index 0, Is Virtual User: 0
[2020.01.13-06.08.26:785][  0]LogSlate: Slate User Registered.  User Index 0, Is Virtual User: 0
[2020.01.13-06.08.26:800][  0]LogD3D11RHI: D3D11 adapters:
[2020.01.13-06.08.26:911][  0]LogD3D11RHI:    0. 'NVIDIA Quadro M4000' (Feature Level 11_0)
[2020.01.13-06.08.26:911][  0]LogD3D11RHI:       3072/0/1023 MB DedicatedVideo/DedicatedSystem/SharedSystem, Outputs:2, VendorId:0x10de
[2020.01.13-06.08.26:915][  0]LogD3D11RHI:    1. 'Microsoft Basic Render Driver' (Feature Level 11_0)
[2020.01.13-06.08.26:915][  0]LogD3D11RHI:       0/0/4095 MB DedicatedVideo/DedicatedSystem/SharedSystem, Outputs:0, VendorId:0x1414
[2020.01.13-06.08.26:915][  0]LogD3D11RHI: Chosen D3D11 Adapter: 0
[2020.01.13-06.08.26:924][  0]LogD3D11RHI: Creating new Direct3DDevice
[2020.01.13-06.08.26:924][  0]LogD3D11RHI:     GPU DeviceId: 0x13f1 (for the marketing name, search the web for "GPU Device Id")
[2020.01.13-06.08.26:924][  0]LogWindows: EnumDisplayDevices:
[2020.01.13-06.08.26:924][  0]LogWindows:    0. 'NVIDIA Quadro M4000' (P:0 D:1)
[2020.01.13-06.08.26:925][  0]LogWindows:    1. 'NVIDIA Quadro M4000' (P:1 D:1)
[2020.01.13-06.08.26:926][  0]LogWindows:    2. 'NVIDIA Quadro M4000' (P:0 D:0)
[2020.01.13-06.08.26:927][  0]LogWindows:    3. 'NVIDIA Quadro M4000' (P:0 D:0)
[2020.01.13-06.08.26:928][  0]LogWindows: DebugString: FoundDriverCount:4 
[2020.01.13-06.08.26:928][  0]LogD3D11RHI:     Adapter Name: NVIDIA Quadro M4000
[2020.01.13-06.08.26:928][  0]LogD3D11RHI:   Driver Version: 416.78 (internal:25.21.14.1678, unified:416.78)
[2020.01.13-06.08.26:928][  0]LogD3D11RHI:      Driver Date: 11-1-2018
[2020.01.13-06.08.26:928][  0]LogRHI: Texture pool is 716 MB (70% of 1024 MB)
[2020.01.13-06.08.26:998][  0]LogD3D11RHI: Async texture creation enabled
[2020.01.13-06.08.27:016][  0]LogD3D11RHI: GPU Timing Frequency: 1000.000000 (Debug: 2 2)
[2020.01.13-06.08.27:029][  0]LogShaderLibrary: Display: Failed to load Shared Shader Library: Global and no native library supported.
[2020.01.13-06.08.27:029][  0]LogShaderLibrary: Display: Failed to load Shared Shader Library: Global_SC and no native library supported.
[2020.01.13-06.08.27:029][  0]LogShaderLibrary: Display: Failed to load Shared Shader Library: Paper2D and no native library supported.
[2020.01.13-06.08.27:029][  0]LogShaderLibrary: Display: Failed to load Shared Shader Library: Paper2D_SC and no native library supported.
[2020.01.13-06.08.27:030][  0]LogShaderLibrary: Display: Failed to load Shared Shader Library: Paper2D and no native library supported.
[2020.01.13-06.08.27:030][  0]LogShaderLibrary: Display: Failed to load Shared Shader Library: Paper2D_SC and no native library supported.
[2020.01.13-06.08.27:030][  0]LogShaderLibrary: Display: Failed to load Shared Shader Library: CryptoKeys and no native library supported.
[2020.01.13-06.08.27:030][  0]LogShaderLibrary: Display: Failed to load Shared Shader Library: CryptoKeys_SC and no native library supported.
[2020.01.13-06.08.27:030][  0]LogShaderLibrary: Display: Failed to load Shared Shader Library: CryptoKeys and no native library supported.
[2020.01.13-06.08.27:031][  0]LogShaderLibrary: Display: Failed to load Shared Shader Library: CryptoKeys_SC and no native library supported.
[2020.01.13-06.08.27:031][  0]LogShaderLibrary: Display: Failed to load Shared Shader Library: MeshEditor and no native library supported.
[2020.01.13-06.08.27:031][  0]LogShaderLibrary: Display: Failed to load Shared Shader Library: MeshEditor_SC and no native library supported.
[2020.01.13-06.08.27:031][  0]LogShaderLibrary: Display: Failed to load Shared Shader Library: MeshEditor and no native library supported.
[2020.01.13-06.08.27:032][  0]LogShaderLibrary: Display: Failed to load Shared Shader Library: MeshEditor_SC and no native library supported.
[2020.01.13-06.08.27:032][  0]LogShaderLibrary: Display: Failed to load Shared Shader Library: DatasmithContent and no native library supported.
[2020.01.13-06.08.27:032][  0]LogShaderLibrary: Display: Failed to load Shared Shader Library: DatasmithContent_SC and no native library supported.
[2020.01.13-06.08.27:032][  0]LogShaderLibrary: Display: Failed to load Shared Shader Library: DatasmithContent and no native library supported.
[2020.01.13-06.08.27:033][  0]LogShaderLibrary: Display: Failed to load Shared Shader Library: DatasmithContent_SC and no native library supported.
[2020.01.13-06.08.27:033][  0]LogShaderLibrary: Display: Failed to load Shared Shader Library: MediaCompositing and no native library supported.
[2020.01.13-06.08.27:033][  0]LogShaderLibrary: Display: Failed to load Shared Shader Library: MediaCompositing_SC and no native library supported.
[2020.01.13-06.08.27:033][  0]LogShaderLibrary: Display: Failed to load Shared Shader Library: MediaCompositing and no native library supported.
[2020.01.13-06.08.27:034][  0]LogShaderLibrary: Display: Failed to load Shared Shader Library: MediaCompositing_SC and no native library supported.
[2020.01.13-06.08.27:034][  0]LogShaderLibrary: Display: Failed to load Shared Shader Library: OculusVR and no native library supported.
[2020.01.13-06.08.27:034][  0]LogShaderLibrary: Display: Failed to load Shared Shader Library: OculusVR_SC and no native library supported.
[2020.01.13-06.08.27:034][  0]LogShaderLibrary: Display: Failed to load Shared Shader Library: OculusVR and no native library supported.
[2020.01.13-06.08.27:034][  0]LogShaderLibrary: Display: Failed to load Shared Shader Library: OculusVR_SC and no native library supported.
[2020.01.13-06.08.27:035][  0]LogShaderLibrary: Display: Failed to load Shared Shader Library: SteamVR and no native library supported.
[2020.01.13-06.08.27:035][  0]LogShaderLibrary: Display: Failed to load Shared Shader Library: SteamVR_SC and no native library supported.
[2020.01.13-06.08.27:035][  0]LogShaderLibrary: Display: Failed to load Shared Shader Library: SteamVR and no native library supported.
[2020.01.13-06.08.27:035][  0]LogShaderLibrary: Display: Failed to load Shared Shader Library: SteamVR_SC and no native library supported.
[2020.01.13-06.08.27:035][  0]LogRHI: Display: Failed to open default shader pipeline cache for LudensVR_Project_01 using shader platform 0.
[2020.01.13-06.08.27:035][  0]LogRHI: Display: Failed to open default shader pipeline cache for LudensVR_Project_01 using shader platform 0.
[2020.01.13-06.08.27:036][  0]LogShaders: Error: The global shader cache file 'D:/Mars_GitHub/LudensVR_Project_02/LudensVR_Project_02/Saved/Cooked/WindowsNoEditor/Engine/GlobalShaderCache-PCD3D_SM5.bin' is missing.

Your application is built to load COOKED content. No COOKED content was found; This usually means you did not cook content for this build.
It also may indicate missing cooked data for a shader platform(e.g., OpenGL under Windows): Make sure your platform's packaging settings include this Targeted RHI.

Alternatively build and run the UNCOOKED version instead.
[2020.01.13-06.08.49:002][  0]LogWindowsTextInputMethodSystem: Display: IME system now activated using TSF (Microsoft 입력기).
[2020.01.13-06.08.49:004][  0]LogWindows: FPlatformMisc::RequestExit(0)
[2020.01.13-06.08.49:005][  0]LogInit: Selected Device Profile: [WindowsNoEditor]
[2020.01.13-06.08.49:033][  0]LogSlate: Slate User Destroyed.  User Index 0, Is Virtual User: 0
[2020.01.13-06.08.49:033][  0]LogExit: Preparing to exit.
[2020.01.13-06.08.49:033][  0]LogUObjectArray: 1680 objects as part of root set at end of initial load.
[2020.01.13-06.08.49:034][  0]LogUObjectAllocator: 10300 out of 0 bytes used by permanent object pool.
[2020.01.13-06.08.49:034][  0]LogUObjectArray: CloseDisregardForGC: 0/0 objects in disregard for GC pool
[2020.01.13-06.08.49:035][  0]LogExit: Object subsystem successfully closed.
[2020.01.13-06.08.49:079][  0]LogD3D11RHI: Shutdown
[2020.01.13-06.08.49:079][  0]LogD3D11RHI: CleanupD3DDevice
[2020.01.13-06.08.49:094][  0]LogD3D11RHI: ~FD3D11DynamicRHI
[2020.01.13-06.08.49:095][  0]LogModuleManager: Shutting down and abandoning module InputCore (52)
[2020.01.13-06.08.49:095][  0]LogModuleManager: Shutting down and abandoning module PhysXCooking (50)
[2020.01.13-06.08.49:095][  0]LogModuleManager: Shutting down and abandoning module SteamVR (48)
[2020.01.13-06.08.49:095][  0]LogModuleManager: Shutting down and abandoning module OculusHMD (46)
[2020.01.13-06.08.49:095][  0]LogModuleManager: Shutting down and abandoning module ExampleDeviceProfileSelector (44)
[2020.01.13-06.08.49:095][  0]LogModuleManager: Shutting down and abandoning module LauncherChunkInstaller (42)
[2020.01.13-06.08.49:095][  0]LogModuleManager: Shutting down and abandoning module OnlineSubsystem (38)
[2020.01.13-06.08.49:095][  0]LogModuleManager: Shutting down and abandoning module HTTP (33)
[2020.01.13-06.08.49:100][  0]LogModuleManager: Shutting down and abandoning module SSL (32)
[2020.01.13-06.08.49:101][  0]LogModuleManager: Shutting down and abandoning module ShaderCore (28)
[2020.01.13-06.08.49:101][  0]LogModuleManager: Shutting down and abandoning module Landscape (26)
[2020.01.13-06.08.49:101][  0]LogModuleManager: Shutting down and abandoning module SlateRHIRenderer (24)
[2020.01.13-06.08.49:101][  0]LogModuleManager: Shutting down and abandoning module OpenGLDrv (22)
[2020.01.13-06.08.49:101][  0]LogModuleManager: Shutting down and abandoning module D3D11RHI (20)
[2020.01.13-06.08.49:101][  0]LogModuleManager: Shutting down and abandoning module AnimGraphRuntime (18)
[2020.01.13-06.08.49:101][  0]LogModuleManager: Shutting down and abandoning module Renderer (16)
[2020.01.13-06.08.49:101][  0]LogModuleManager: Shutting down and abandoning module Engine (14)
[2020.01.13-06.08.49:101][  0]LogModuleManager: Shutting down and abandoning module CoreUObject (12)
[2020.01.13-06.08.49:102][  0]LogModuleManager: Shutting down and abandoning module NetworkFile (10)
[2020.01.13-06.08.49:102][  0]LogModuleManager: Shutting down and abandoning module CookedIterativeFile (8)
[2020.01.13-06.08.49:102][  0]LogModuleManager: Shutting down and abandoning module StreamingFile (6)
[2020.01.13-06.08.49:102][  0]LogModuleManager: Shutting down and abandoning module SandboxFile (4)
[2020.01.13-06.08.49:102][  0]LogModuleManager: Shutting down and abandoning module PakFile (2)
[2020.01.13-06.08.49:105][  0]LogExit: Exiting.
[2020.01.13-06.08.49:109][  0]Log file closed, 01/13/20 15:08:49
