Log file open, 03/31/20 18:57:37
LogWindows: Failed to load 'aqProf.dll' (GetLastError=126)
LogWindows: File 'aqProf.dll' does not exist
LogWindows: Failed to load 'VtuneApi.dll' (GetLastError=126)
LogWindows: File 'VtuneApi.dll' does not exist
LogWindows: Failed to load 'VtuneApi32e.dll' (GetLastError=126)
LogWindows: File 'VtuneApi32e.dll' does not exist
LogInit: Display: Running engine for game: LudensVR_Project_01
LogPlatformFile: Not using cached read wrapper
LogTaskGraph: Started task graph with 5 named threads and 59 total threads with 3 sets of task threads.
LogStats: Stats thread started at 0.723193
LogD3D11RHI: Loaded GFSDK_Aftermath_Lib.x64.dll
LogICUInternationalization: Display: ICU TimeZone Detection - Raw Offset: +9:00, Platform Override: ''
LogPluginManager: Mounting plugin Paper2D
LogPluginManager: Mounting plugin AISupport
LogPluginManager: Mounting plugin LightPropagationVolume
LogPluginManager: Mounting plugin CLionSourceCodeAccess
LogPluginManager: Mounting plugin CodeLiteSourceCodeAccess
LogPluginManager: Mounting plugin GitSourceControl
LogPluginManager: Mounting plugin KDevelopSourceCodeAccess
LogPluginManager: Mounting plugin NullSourceCodeAccess
LogPluginManager: Mounting plugin PerforceSourceControl
LogPluginManager: Mounting plugin SubversionSourceControl
LogPluginManager: Mounting plugin UObjectPlugin
LogPluginManager: Mounting plugin VisualStudioCodeSourceCodeAccess
LogPluginManager: Mounting plugin VisualStudioSourceCodeAccess
LogPluginManager: Mounting plugin XCodeSourceCodeAccess
LogPluginManager: Mounting plugin AssetManagerEditor
LogPluginManager: Mounting plugin CryptoKeys
LogPluginManager: Mounting plugin DataValidation
LogPluginManager: Mounting plugin FacialAnimation
LogPluginManager: Mounting plugin GameplayTagsEditor
LogPluginManager: Mounting plugin MacGraphicsSwitching
LogPluginManager: Mounting plugin MeshEditor
LogPluginManager: Mounting plugin MobileLauncherProfileWizard
LogPluginManager: Mounting plugin PluginBrowser
LogPluginManager: Mounting plugin SpeedTreeImporter
LogPluginManager: Mounting plugin DatasmithContent
LogPluginManager: Mounting plugin AlembicImporter
LogPluginManager: Mounting plugin AppleImageUtils
LogPluginManager: Mounting plugin AppleVision
LogPluginManager: Mounting plugin BackChannel
LogPluginManager: Mounting plugin CharacterAI
LogPluginManager: Mounting plugin GeometryCache
LogPluginManager: Mounting plugin HTML5Networking
LogPluginManager: Mounting plugin ProxyLODPlugin
LogPluginManager: Mounting plugin MagicLeap
LogPluginManager: Mounting plugin MagicLeapEmulator
LogPluginManager: Mounting plugin MagicLeapMedia
LogPluginManager: Mounting plugin AndroidMedia
LogPluginManager: Mounting plugin AvfMedia
LogPluginManager: Mounting plugin ImgMedia
LogPluginManager: Mounting plugin LinearTimecode
LogPluginManager: Mounting plugin MediaCompositing
LogPluginManager: Mounting plugin MediaPlayerEditor
LogPluginManager: Mounting plugin WmfMedia
LogPluginManager: Mounting plugin TcpMessaging
LogPluginManager: Mounting plugin UdpMessaging
LogPluginManager: Mounting plugin ActorSequence
LogPluginManager: Mounting plugin LevelSequenceEditor
LogPluginManager: Mounting plugin MatineeToLevelSequence
LogPluginManager: Mounting plugin NetcodeUnitTest
LogPluginManager: Mounting plugin NUTUnrealEngine4
LogPluginManager: Mounting plugin OnlineSubsystemGooglePlay
LogPluginManager: Mounting plugin OnlineSubsystemIOS
LogPluginManager: Mounting plugin OnlineSubsystem
LogPluginManager: Mounting plugin OnlineSubsystemNull
LogPluginManager: Mounting plugin OnlineSubsystemUtils
LogPluginManager: Mounting plugin LauncherChunkInstaller
LogPluginManager: Mounting plugin AndroidDeviceProfileSelector
LogPluginManager: Mounting plugin AndroidMoviePlayer
LogPluginManager: Mounting plugin AndroidPermission
LogPluginManager: Mounting plugin AppleMoviePlayer
LogPluginManager: Mounting plugin ArchVisCharacter
LogPluginManager: Mounting plugin AudioCapture
LogPluginManager: Mounting plugin CableComponent
LogPluginManager: Mounting plugin CustomMeshComponent
LogPluginManager: Mounting plugin EditableMesh
LogPluginManager: Mounting plugin ExampleDeviceProfileSelector
LogPluginManager: Mounting plugin GoogleCloudMessaging
LogPluginManager: Mounting plugin ImmediatePhysics
LogPluginManager: Mounting plugin IOSDeviceProfileSelector
LogPluginManager: Mounting plugin LinuxDeviceProfileSelector
LogPluginManager: Mounting plugin LocationServicesBPLibrary
LogPluginManager: Mounting plugin MobilePatchingUtils
LogPluginManager: Mounting plugin OculusVR
LogPluginManager: Plugin shader directory ../../../Engine/Plugins/Runtime/Oculus/OculusVR/Shaders found
LogPluginManager: Mapping shader source directory ../../../Engine/Plugins/Runtime/Oculus/OculusVR/Shaders to virtual directory /Plugin/OculusVR
LogPluginManager: Mounting plugin PhysXVehicles
LogPluginManager: Mounting plugin ProceduralMeshComponent
LogPluginManager: Mounting plugin RuntimePhysXCooking
LogPluginManager: Mounting plugin SteamVR
LogPluginManager: Mounting plugin WindowsMoviePlayer
LogStreaming: Display: Took  0.252s to configure plugins.
LogInit: Using libcurl 7.55.1-DEV
LogInit:  - built for x86_64-pc-win32
LogInit:  - supports SSL with OpenSSL/1.0.2h
LogInit:  - supports HTTP deflate (compression) using libz 1.2.8
LogInit:  - other features:
LogInit:      CURL_VERSION_SSL
LogInit:      CURL_VERSION_LIBZ
LogInit:      CURL_VERSION_IPV6
LogInit:      CURL_VERSION_ASYNCHDNS
LogInit:      CURL_VERSION_LARGEFILE
LogInit:      CURL_VERSION_IDN
LogInit:  CurlRequestOptions (configurable via config and command line):
LogInit:  - bVerifyPeer = false  - Libcurl will NOT verify peer certificate
LogInit:  - bUseHttpProxy = false  - Libcurl will NOT use HTTP proxy
LogInit:  - bDontReuseConnections = false  - Libcurl will reuse connections
LogInit:  - CertBundlePath = nullptr  - Libcurl will use whatever was configured at build time.
LogInit:  - MaxHostConnections = 16  - Libcurl will limit the number of connections to a host
LogInit:  - LocalHostAddr = Default
LogInit:  - BufferSize = 65536
LogInit: WinSock: version 1.1 (2.2), MaxSocks=32767, MaxUdp=65467
LogInit: Build: ++UE4+Release-4.20-CL-4369336
LogInit: Engine Version: 4.20.3-4369336+++UE4+Release-4.20
LogInit: Compatible Engine Version: 4.20.0-4212847+++UE4+Release-4.20
LogInit: Net CL: 4212847
LogInit: OS: Windows 10 (), CPU: Intel(R) Xeon(R) CPU E5-2640 v4 @ 2.40GHz, GPU: NVIDIA Quadro M4000
LogInit: Compiled (64-bit): Sep 17 2018 12:26:19
LogInit: Compiled with Visual C++: 19.13.26129.00
LogInit: Build Configuration: Development
LogInit: Branch Name: ++UE4+Release-4.20
LogInit: Command Line:  
LogInit: Base Directory: D:/Epic Games/UE_4.20/Engine/Binaries/Win64/
LogInit: Installed Engine Build: 1
LogDevObjectVersion: Number of dev versions registered: 20
LogDevObjectVersion:   Dev-Blueprints (B0D832E4-1F89-4F0D-ACCF-7EB736FD4AA2): 10
LogDevObjectVersion:   Dev-Build (E1C64328-A22C-4D53-A36C-8E866417BD8C): 0
LogDevObjectVersion:   Dev-Core (375EC13C-06E4-48FB-B500-84F0262A717E): 2
LogDevObjectVersion:   Dev-Editor (E4B068ED-F494-42E9-A231-DA0B2E46BB41): 24
LogDevObjectVersion:   Dev-Framework (CFFC743F-43B0-4480-9391-14DF171D2073): 34
LogDevObjectVersion:   Dev-Mobile (B02B49B5-BB20-44E9-A304-32B752E40360): 2
LogDevObjectVersion:   Dev-Networking (A4E4105C-59A1-49B5-A7C5-40C4547EDFEE): 0
LogDevObjectVersion:   Dev-Online (39C831C9-5AE6-47DC-9A44-9C173E1C8E7C): 0
LogDevObjectVersion:   Dev-Physics (78F01B33-EBEA-4F98-B9B4-84EACCB95AA2): 0
LogDevObjectVersion:   Dev-Platform (6631380F-2D4D-43E0-8009-CF276956A95A): 0
LogDevObjectVersion:   Dev-Rendering (12F88B9F-8875-4AFC-A67C-D90C383ABD29): 26
LogDevObjectVersion:   Dev-Sequencer (7B5AE74C-D270-4C10-A958-57980B212A5A): 9
LogDevObjectVersion:   Dev-VR (D7296918-1DD6-4BDD-9DE2-64A83CC13884): 2
LogDevObjectVersion:   Dev-LoadTimes (C2A15278-BFE7-4AFE-6C17-90FF531DF755): 1
LogDevObjectVersion:   Private-Geometry (6EACA3D4-40EC-4CC1-B786-8BED09428FC5): 3
LogDevObjectVersion:   Dev-AnimPhys (29E575DD-E0A3-4627-9D10-D276232CDCEA): 17
LogDevObjectVersion:   Dev-ReflectionCapture (6B266CEC-1EC7-4B8F-A30B-E4D90942FC07): 1
LogDevObjectVersion:   Dev-Automation (0DF73D61-A23F-47EA-B727-89E90C41499A): 1
LogDevObjectVersion:   FortniteMain (601D1886-AC64-4F84-AA16-D3DE0DEAC7D6): 12
LogDevObjectVersion:   Dev-Enterprise (9DFFBCD6-494F-0158-E221-12823C92A888): 1
LogStreaming: Display: Took  0.001s to delete old logs.
LogInit: Presizing for max 8388607 objects, including 0 objects not considered by GC, pre-allocating 0 bytes for permanent pool.
LogInit: Object subsystem initialized
[2020.03.31-09.57.38:352][  0]LogInit: Selected Device Profile: [Windows]
[2020.03.31-09.57.38:352][  0]LogInit: Applying CVar settings loaded from the selected device profile: [Windows]
[2020.03.31-09.57.38:367][  0]LogHAL: Display: Platform has ~ 64 GB [68637433856 / 68719476736 / 64], which maps to Largest [LargestMinGB=32, LargerMinGB=12, DefaultMinGB=8, SmallerMinGB=6, SmallestMinGB=0)
[2020.03.31-09.57.38:367][  0]LogInit: Setting Device Profile CVar: [[r.Vulkan.UseRealUBs:1]]
[2020.03.31-09.57.38:367][  0]LogInit: Going up to parent DeviceProfile []
[2020.03.31-09.57.38:367][  0]LogInit: Computer: 3DCL-MARS
[2020.03.31-09.57.38:368][  0]LogInit: User: 3DCLGamma
[2020.03.31-09.57.38:368][  0]LogInit: CPU Page size=4096, Cores=10
[2020.03.31-09.57.38:368][  0]LogInit: High frequency timer resolution =10.000000 MHz
[2020.03.31-09.57.38:368][  0]LogMemory: Memory total: Physical=63.9GB (64GB approx)
[2020.03.31-09.57.38:368][  0]LogMemory: Platform Memory Stats for Windows
[2020.03.31-09.57.38:368][  0]LogMemory: Process Physical Memory: 111.13 MB used, 111.13 MB peak
[2020.03.31-09.57.38:368][  0]LogMemory: Process Virtual Memory: 99.77 MB used, 99.77 MB peak
[2020.03.31-09.57.38:368][  0]LogMemory: Physical Memory: 9069.79 MB used,  56387.96 MB free, 65457.76 MB total
[2020.03.31-09.57.38:368][  0]LogMemory: Virtual Memory: 4703.16 MB used,  56387.96 MB free, 134217728.00 MB total
[2020.03.31-09.57.38:417][  0]LogInit: Using OS detected language (ko-KR).
[2020.03.31-09.57.38:417][  0]LogInit: Using OS detected locale (ko-KR).
[2020.03.31-09.57.38:418][  0]LogTextLocalizationManager: No specific localization for 'ko-KR' exists, so the 'ko' localization will be used.
[2020.03.31-09.57.38:889][  0]LogStreaming: Display: Took  0.472s to InitEngineTextLocalization.
[2020.03.31-09.57.38:890][  0]LogInit: Setting process to per monitor DPI aware
[2020.03.31-09.57.38:983][  0]LogSlate: New Slate User Created.  User Index 0, Is Virtual User: 0
[2020.03.31-09.57.38:983][  0]LogSlate: Slate User Registered.  User Index 0, Is Virtual User: 0
[2020.03.31-09.57.40:265][  0]LogD3D11RHI: D3D11 adapters:
[2020.03.31-09.57.40:388][  0]LogD3D11RHI:    0. 'NVIDIA Quadro M4000' (Feature Level 11_0)
[2020.03.31-09.57.40:388][  0]LogD3D11RHI:       8144/0/32728 MB DedicatedVideo/DedicatedSystem/SharedSystem, Outputs:2, VendorId:0x10de
[2020.03.31-09.57.40:393][  0]LogD3D11RHI:    1. 'Microsoft Basic Render Driver' (Feature Level 11_0)
[2020.03.31-09.57.40:393][  0]LogD3D11RHI:       0/0/32728 MB DedicatedVideo/DedicatedSystem/SharedSystem, Outputs:0, VendorId:0x1414
[2020.03.31-09.57.40:393][  0]LogD3D11RHI: Chosen D3D11 Adapter: 0
[2020.03.31-09.57.40:403][  0]LogD3D11RHI: Creating new Direct3DDevice
[2020.03.31-09.57.40:403][  0]LogD3D11RHI:     GPU DeviceId: 0x13f1 (for the marketing name, search the web for "GPU Device Id")
[2020.03.31-09.57.40:403][  0]LogWindows: EnumDisplayDevices:
[2020.03.31-09.57.40:403][  0]LogWindows:    0. 'NVIDIA Quadro M4000' (P:0 D:1)
[2020.03.31-09.57.40:405][  0]LogWindows:    1. 'NVIDIA Quadro M4000' (P:1 D:1)
[2020.03.31-09.57.40:407][  0]LogWindows:    2. 'NVIDIA Quadro M4000' (P:0 D:0)
[2020.03.31-09.57.40:408][  0]LogWindows:    3. 'NVIDIA Quadro M4000' (P:0 D:0)
[2020.03.31-09.57.40:409][  0]LogWindows: DebugString: FoundDriverCount:4 
[2020.03.31-09.57.40:409][  0]LogD3D11RHI:     Adapter Name: NVIDIA Quadro M4000
[2020.03.31-09.57.40:409][  0]LogD3D11RHI:   Driver Version: 442.74 (internal:26.21.14.4274, unified:442.74)
[2020.03.31-09.57.40:409][  0]LogD3D11RHI:      Driver Date: 3-13-2020
[2020.03.31-09.57.40:409][  0]LogRHI: Texture pool is 5701 MB (70% of 8144 MB)
[2020.03.31-09.57.40:497][  0]LogD3D11RHI: Async texture creation enabled
[2020.03.31-09.57.40:519][  0]LogD3D11RHI: GPU Timing Frequency: 1000.000000 (Debug: 2 1)
[2020.03.31-09.57.40:531][  0]LogShaderCompilers: Guid format shader working directory is -15 characters bigger than the processId version (../../../../../Mars_GitHub/LudensVR_Project_02/LudensVR_Project_02/Intermediate/Shaders/WorkingDirectory/9064/).
[2020.03.31-09.57.40:532][  0]LogShaderCompilers: Cleaned the shader compiler working directory 'C:/Users/3DCL_Gamma/AppData/Local/Temp/UnrealShaderWorkingDir/606AF7014D9C90A3F496D790D5660CB2/'.
[2020.03.31-09.57.41:128][  0]LogTemp: Display: Loaded TP AllDesktopTargetPlatform
[2020.03.31-09.57.41:165][  0]LogTemp: Display: Loaded TP MacClientTargetPlatform
[2020.03.31-09.57.41:196][  0]LogTemp: Display: Loaded TP MacNoEditorTargetPlatform
[2020.03.31-09.57.41:236][  0]LogTemp: Display: Loaded TP MacServerTargetPlatform
[2020.03.31-09.57.41:303][  0]LogTemp: Display: Loaded TP MacTargetPlatform
[2020.03.31-09.57.41:329][  0]LogTemp: Display: Loaded TP WindowsClientTargetPlatform
[2020.03.31-09.57.41:351][  0]LogTemp: Display: Loaded TP WindowsNoEditorTargetPlatform
[2020.03.31-09.57.41:372][  0]LogTemp: Display: Loaded TP WindowsServerTargetPlatform
[2020.03.31-09.57.41:382][  0]LogTemp: Display: Loaded TP WindowsTargetPlatform
[2020.03.31-09.57.41:529][  0]LogTemp: Display: Loaded TP AndroidTargetPlatform
[2020.03.31-09.57.41:529][  0]LogTemp: Display: Loaded TP AndroidTargetPlatform
[2020.03.31-09.57.41:529][  0]LogTemp: Display: Loaded TP AndroidTargetPlatform
[2020.03.31-09.57.41:529][  0]LogTemp: Display: Loaded TP AndroidTargetPlatform
[2020.03.31-09.57.41:529][  0]LogTemp: Display: Loaded TP AndroidTargetPlatform
[2020.03.31-09.57.41:529][  0]LogTemp: Display: Loaded TP AndroidTargetPlatform
[2020.03.31-09.57.41:529][  0]LogTemp: Display: Loaded TP AndroidTargetPlatform
[2020.03.31-09.57.41:529][  0]LogTemp: Display: Loaded TP AndroidTargetPlatform
[2020.03.31-09.57.41:529][  0]LogTemp: Display: Loaded TP AndroidTargetPlatform
[2020.03.31-09.57.41:529][  0]LogTemp: Display: Loaded TP AndroidTargetPlatform
[2020.03.31-09.57.41:529][  0]LogTemp: Display: Loaded TP AndroidTargetPlatform
[2020.03.31-09.57.41:529][  0]LogTemp: Display: Loaded TP AndroidTargetPlatform
[2020.03.31-09.57.41:529][  0]LogTemp: Display: Loaded TP AndroidTargetPlatform
[2020.03.31-09.57.41:529][  0]LogTemp: Display: Loaded TP AndroidTargetPlatform
[2020.03.31-09.57.41:529][  0]LogTemp: Display: Loaded TP AndroidTargetPlatform
[2020.03.31-09.57.41:529][  0]LogTemp: Display: Loaded TP AndroidTargetPlatform
[2020.03.31-09.57.41:529][  0]LogTemp: Display: Loaded TP AndroidTargetPlatform
[2020.03.31-09.57.41:529][  0]LogTemp: Display: Loaded TP AndroidTargetPlatform
[2020.03.31-09.57.41:544][  0]LogTemp: Display: Loaded TP HTML5TargetPlatform
[2020.03.31-09.57.41:676][  0]LogTemp: Display: Loaded TP IOSTargetPlatform
[2020.03.31-09.57.41:676][  0]LogTemp: Display: Loaded TP IOSTargetPlatform
[2020.03.31-09.57.41:719][  0]LogTemp: Display: Loaded TP TVOSTargetPlatform
[2020.03.31-09.57.41:719][  0]LogTemp: Display: Loaded TP TVOSTargetPlatform
[2020.03.31-09.57.41:742][  0]LogTemp: Display: Loaded TP LinuxClientTargetPlatform
[2020.03.31-09.57.41:765][  0]LogTemp: Display: Loaded TP LinuxNoEditorTargetPlatform
[2020.03.31-09.57.41:799][  0]LogTemp: Display: Loaded TP LinuxServerTargetPlatform
[2020.03.31-09.57.41:824][  0]LogTemp: Display: Loaded TP LinuxTargetPlatform
[2020.03.31-09.57.41:845][  0]LogTemp: Display: Loaded TP LuminTargetPlatform
[2020.03.31-09.57.41:845][  0]LogTargetPlatformManager: Display: Building Assets For Windows
[2020.03.31-09.57.41:942][  0]LogXGEController: Cleaning working directory: C:/Users/3DCL_Gamma/AppData/Local/Temp/UnrealXGEWorkingDir/
[2020.03.31-09.57.41:943][  0]LogXGEController: Cannot use XGE Controller as Incredibuild is not installed on this machine.
[2020.03.31-09.57.41:943][  0]LogShaderCompilers: Cannot use XGE Shader Compiler as Incredibuild is not installed on this machine.
[2020.03.31-09.57.41:944][  0]LogShaderCompilers: Display: Using Local Shader Compiler.
[2020.03.31-09.57.43:066][  0]LogDerivedDataCache: Display: Max Cache Size: 512 MB
[2020.03.31-09.57.43:354][  0]LogDerivedDataCache: Loaded boot cache 0.29s 511MB C:/Users/3DCL_Gamma/AppData/Local/UnrealEngine/4.20/DerivedDataCache/Boot.ddc.
[2020.03.31-09.57.43:354][  0]LogDerivedDataCache: Display: Loaded Boot cache: C:/Users/3DCL_Gamma/AppData/Local/UnrealEngine/4.20/DerivedDataCache/Boot.ddc
[2020.03.31-09.57.43:354][  0]LogDerivedDataCache: FDerivedDataBackendGraph:  Pak pak cache file ../../../../../Mars_GitHub/LudensVR_Project_02/LudensVR_Project_02/DerivedDataCache/DDC.ddp not found, will not use a pak cache.
[2020.03.31-09.57.43:354][  0]LogDerivedDataCache: Unable to find inner node Pak for hierarchical cache Hierarchy.
[2020.03.31-09.57.43:354][  0]LogDerivedDataCache: FDerivedDataBackendGraph:  CompressedPak pak cache file ../../../../../Mars_GitHub/LudensVR_Project_02/LudensVR_Project_02/DerivedDataCache/Compressed.ddp not found, will not use a pak cache.
[2020.03.31-09.57.43:354][  0]LogDerivedDataCache: Unable to find inner node CompressedPak for hierarchical cache Hierarchy.
[2020.03.31-09.57.43:374][  0]LogDerivedDataCache: Display: Pak cache opened for reading ../../../Engine/DerivedDataCache/Compressed.ddp.
[2020.03.31-09.57.43:389][  0]LogDerivedDataCache: Using Local data cache path C:/Users/3DCL_Gamma/AppData/Local/UnrealEngine/Common/DerivedDataCache: Writable
[2020.03.31-09.57.43:389][  0]LogDerivedDataCache: Shared data cache path not found in *engine.ini, will not use an Shared cache.
[2020.03.31-09.57.43:389][  0]LogDerivedDataCache: Unable to find inner node Shared for hierarchical cache Hierarchy.
[2020.03.31-09.57.43:413][  0]LogMaterial: Verifying Global Shaders for PCD3D_SM5
[2020.03.31-09.57.43:415][  0]LogSlate: Using FreeType 2.6.0
[2020.03.31-09.57.43:417][  0]LogSlate: SlateFontServices - WITH_FREETYPE: 1, WITH_HARFBUZZ: 1
[2020.03.31-09.57.43:561][  0]LogAssetRegistry: FAssetRegistry took 0.0285 seconds to start up
[2020.03.31-09.57.44:001][  0]LogInit: Selected Device Profile: [Windows]
[2020.03.31-09.57.44:170][  0]LogDerivedDataCache: Display: Failed to cache data. Maximum cache size reached. CurrentSize 524274 kb / MaxSize: 524288 kb
[2020.03.31-09.57.44:170][  0]LogSimplygon: Simplygon DLL not present - disabling.
[2020.03.31-09.57.44:176][  0]LogMeshReduction: Using SimplygonSwarm for distributed automatic mesh merging
[2020.03.31-09.57.44:176][  0]LogMeshReduction: Using ProxyLODMeshReduction for automatic mesh merging
[2020.03.31-09.57.44:176][  0]LogMeshReduction: Using QuadricMeshReduction for automatic static mesh reduction
[2020.03.31-09.57.44:176][  0]LogMeshReduction: No automatic skeletal mesh reduction module available
[2020.03.31-09.57.44:340][  0]LogNetVersion: LudensVR_Project_01 1.0.0, NetCL: 4212847, EngineNetVer: 5, GameNetVer: 0 (Checksum: 3183368189)
[2020.03.31-09.57.45:300][  0]LogPackageLocalizationCache: Processed 11 localized package path(s) for 2 prioritized culture(s) in 0.226460 seconds
[2020.03.31-09.57.45:306][  0]LogUObjectArray: 38425 objects as part of root set at end of initial load.
[2020.03.31-09.57.45:306][  0]LogUObjectAllocator: 6690864 out of 0 bytes used by permanent object pool.
[2020.03.31-09.57.45:306][  0]LogUObjectArray: CloseDisregardForGC: 0/0 objects in disregard for GC pool
[2020.03.31-09.57.54:423][  0]LogTcpMessaging: Initializing TcpMessaging bridge
[2020.03.31-09.57.54:440][  0]LogUdpMessaging: Initializing bridge on interface 0.0.0.0:0 to multicast group 230.0.0.1:6666.
[2020.03.31-09.57.56:319][  0]SourceControl: 소스 컨트롤이 꺼졌습니다.
[2020.03.31-09.57.56:320][  0]SourceControl: 소스 컨트롤이 꺼졌습니다.
[2020.03.31-09.57.56:321][  0]SourceControl: 소스 컨트롤이 꺼졌습니다.
[2020.03.31-09.57.56:323][  0]SourceControl: 소스 컨트롤이 꺼졌습니다.
[2020.03.31-09.57.56:877][  0]LogAndroidPermission: UAndroidPermissionCallbackProxy::GetInstance
[2020.03.31-09.57.57:062][  0]LogOcInput: OculusInput pre-init called
[2020.03.31-09.57.57:151][  0]LogEngine: Initializing Engine...
[2020.03.31-09.57.57:152][  0]LogHMD: Oculus plugin initialized. Version: 4.20.3-4369336+++UE4+Release-4.20, OVRPlugin: 1.25.0
[2020.03.31-09.57.57:155][  0]LogStats: UGameplayTagsManager::ConstructGameplayTagTree: ImportINI prefixes -  0.000 s
[2020.03.31-09.57.57:155][  0]LogStats: UGameplayTagsManager::ConstructGameplayTagTree: Construct from data asset -  0.000 s
[2020.03.31-09.57.57:155][  0]LogStats: UGameplayTagsManager::ConstructGameplayTagTree: ImportINI -  0.000 s
[2020.03.31-09.57.57:155][  0]LogStats: UGameplayTagsManager::ConstructGameplayTagTree: GameplayTagTreeChangedEvent.Broadcast -  0.000 s
[2020.03.31-09.57.57:705][  0]LogInit: Initializing FReadOnlyCVARCache
[2020.03.31-09.57.57:723][  0]LogAIModule: Creating AISystem for world Untitled
[2020.03.31-09.57.57:776][  0]LogInit: XAudio2 using '스피커 / 헤드폰(Realtek Audio)' : 2 channels at 48 kHz using 32 bits per sample (channel mask 0x3)
[2020.03.31-09.57.57:896][  0]LogInit: FAudioDevice initialized.
[2020.03.31-09.57.57:896][  0]LogNetVersion: Set ProjectVersion to 1.0.0.0. Version Checksum will be recalculated on next use.
[2020.03.31-09.57.58:004][  0]LogDerivedDataCache: Saved boot cache 0.11s 65MB C:/Users/3DCL_Gamma/AppData/Local/UnrealEngine/4.20/DerivedDataCache/Boot.ddc.
[2020.03.31-09.57.58:008][  0]LogInit: Texture streaming: Enabled
[2020.03.31-09.57.58:048][  0]LogEngineSessionManager: EngineSessionManager initialized
[2020.03.31-09.57.58:070][  0]LogInit: Transaction tracking system initialized
[2020.03.31-09.57.58:243][  0]BlueprintLog: New page: 에디터 로드
[2020.03.31-09.57.58:963][  0]LocalizationService: 현지화 서비스가 비활성화되었습니다.
[2020.03.31-09.57.59:392][  0]LogLinker: Warning: '/Game/SciFi_Weapons/Tutorial' 파일을 찾을 수 없습니다.
[2020.03.31-09.57.59:392][  0]LogLinker: Warning: '/Game/SciFi_Weapons/Tutorial' 파일을 찾을 수 없습니다.
[2020.03.31-09.57.59:392][  0]LogUObjectGlobals: Warning: 'Class /Game/SciFi_Weapons/Tutorial.Tutorial_C' 오브젝트를 찾는 데 실패했습니다.
[2020.03.31-09.58.00:254][  0]LogCook: Display: Max memory allowance for cook 16384mb min free memory 0mb
[2020.03.31-09.58.00:254][  0]LogCook: Display: Mobile HDR setting 1
[2020.03.31-09.58.00:254][  0]LogGameplayTags: Display: UGameplayTagsManager::DoneAddingNativeTags. DelegateIsBound: 0
[2020.03.31-09.58.00:254][  0]LogStats: UGameplayTagsManager::ConstructGameplayTagTree: ImportINI prefixes -  0.000 s
[2020.03.31-09.58.00:254][  0]LogStats: UGameplayTagsManager::ConstructGameplayTagTree: Construct from data asset -  0.000 s
[2020.03.31-09.58.00:255][  0]LogStats: UGameplayTagsManager::ConstructGameplayTagTree: ImportINI -  0.000 s
[2020.03.31-09.58.00:255][  0]LogStats: UGameplayTagsManager::ConstructGameplayTagTree: GameplayTagTreeChangedEvent.Broadcast -  0.000 s
[2020.03.31-09.58.01:485][  0]LogFileCache: Scanning file cache for directory 'D:/Mars_GitHub/LudensVR_Project_02/LudensVR_Project_02/Content/' took 0.34s
[2020.03.31-09.58.01:485][  0]SourceControl: 소스 컨트롤이 꺼졌습니다.
[2020.03.31-09.58.01:485][  0]Cmd: MAP LOAD FILE="../../../../../Mars_GitHub/LudensVR_Project_02/LudensVR_Project_02/Content/Map/Natalis_Map_01.umap" TEMPLATE=0 SHOWPROGRESS=1 FEATURELEVEL=3
[2020.03.31-09.58.01:486][  0]LightingResults: New page: 라이팅 빌드
[2020.03.31-09.58.01:490][  0]MapCheck: New page: 맵 체크
[2020.03.31-09.58.01:490][  0]LightingResults: New page: 라이팅 빌드
[2020.03.31-09.58.05:573][  0]LogAIModule: Creating AISystem for world Natalis_Map_01
[2020.03.31-09.58.05:648][  0]LogEditorServer: Finished looking for orphan Actors (0.000 secs)
[2020.03.31-09.58.05:698][  0]Cmd: MAP CHECKDEP NOCLEARLOG
[2020.03.31-09.58.06:361][  0]MapCheck: 맵 체크 완료: 오류 0 회, 경고 0 회, 소요 시간 661.903ms.
[2020.03.31-09.58.06:361][  0]LogFileHelpers: Loading map 'Natalis_Map_01' took 4.876
[2020.03.31-09.58.06:561][  0]LogSlate: Updating window title bar state: overlay mode, drag disabled, window buttons hidden, title bar hidden
[2020.03.31-09.58.06:571][  0]LogSlate: Updating window title bar state: overlay mode, drag disabled, window buttons hidden, title bar hidden
[2020.03.31-09.58.06:593][  0]LogCollectionManager: Loaded 0 collections in 0.002286 seconds
[2020.03.31-09.58.06:656][  0]LogFileCache: Scanning file cache for directory 'D:/Mars_GitHub/LudensVR_Project_02/LudensVR_Project_02/Saved/Collections/' took 0.01s
[2020.03.31-09.58.06:656][  0]LogFileCache: Scanning file cache for directory 'D:/Mars_GitHub/LudensVR_Project_02/LudensVR_Project_02/Content/Developers/3DCLGamma/Collections/' took 0.01s
[2020.03.31-09.58.06:656][  0]LogFileCache: Scanning file cache for directory 'D:/Mars_GitHub/LudensVR_Project_02/LudensVR_Project_02/Content/Collections/' took 0.01s
[2020.03.31-09.58.06:656][  0]LogCollectionManager: Rebuilt the GUID cache for 0 collections in 0.000001 seconds
[2020.03.31-09.58.06:672][  0]LogContentBrowser: Native class hierarchy populated in 0.0154 seconds. Added 2597 classes and 607 folders.
[2020.03.31-09.58.06:681][  0]LogContentBrowser: Native class hierarchy updated for 'WidgetCarousel' in 0.0005 seconds. Added 0 classes and 0 folders.
[2020.03.31-09.58.07:653][  0]LogContentBrowser: Native class hierarchy updated for 'AddContentDialog' in 0.0006 seconds. Added 0 classes and 0 folders.
[2020.03.31-09.58.07:692][  0]LogContentBrowser: Native class hierarchy updated for 'SceneOutliner' in 0.0006 seconds. Added 1 classes and 2 folders.
[2020.03.31-09.58.07:874][  0]LogSlate: Took 0.021442 seconds to synchronously load lazily loaded font '../../../Engine/Content/Slate/Fonts/Roboto-Regular.ttf' (155K)
[2020.03.31-09.58.07:904][  0]LogSlate: Took 0.028381 seconds to synchronously load lazily loaded font '../../../Engine/Content/Editor/Slate/Fonts/NanumGothic.ttf' (4243K)
[2020.03.31-09.58.07:935][  0]LogSlate: Took 0.030591 seconds to synchronously load lazily loaded font '../../../Engine/Content/Editor/Slate/Fonts/NanumGothicBold.ttf' (4188K)
[2020.03.31-09.58.07:943][  0]LogSlate: Took 0.008119 seconds to synchronously load lazily loaded font '../../../Engine/Content/Slate/Fonts/Roboto-Bold.ttf' (160K)
[2020.03.31-09.58.07:952][  0]LogSlate: Took 0.003957 seconds to synchronously load lazily loaded font '../../../Engine/Content/Editor/Slate/Fonts/FontAwesome.ttf' (139K)
[2020.03.31-09.58.08:053][  0]LogRenderer: Reallocating scene render targets to support 1084x500 Format 26 NumSamples 1 (Frame:1).
[2020.03.31-09.58.08:141][  0]LogSlate: Took 0.001793 seconds to synchronously load lazily loaded font '../../../Engine/Content/Slate/Fonts/Roboto-Light.ttf' (167K)
[2020.03.31-09.58.08:349][  0]LogContentBrowser: Native class hierarchy updated for 'HierarchicalLODOutliner' in 0.0005 seconds. Added 0 classes and 0 folders.
[2020.03.31-09.58.08:349][  0]LogLoad: (Engine Initialization) Total time: 33.24 seconds
[2020.03.31-09.58.08:349][  0]LogLoad: (Engine Initialization) Total Blueprint compile time: 0.00 seconds
[2020.03.31-09.58.08:364][  0]LogOcInput: OculusInput is initialized
[2020.03.31-09.58.08:424][  0]LogContentStreaming: Texture pool size now 1000 MB
[2020.03.31-09.58.08:711][  5]LogAssetRegistry: Asset discovery search completed in 25.1731 seconds
[2020.03.31-09.58.08:713][  5]LogCollectionManager: Rebuilt the object cache for 0 collections in 0.000000 seconds (found 0 objects)
[2020.03.31-09.58.08:713][  5]LogCollectionManager: Fixed up redirectors for 0 collections in 0.000057 seconds (updated 0 objects)
[2020.03.31-09.58.11:282][279]LogSlate: FSceneViewport::OnFocusLost() reason 0
[2020.03.31-09.58.11:441][298]LogTemp: Repeating last play command: VR 프리뷰
[2020.03.31-09.58.11:471][298]LogPlayLevel: PlayLevel: No blueprints needed recompiling
[2020.03.31-09.58.11:471][298]LogHMD: Initializing OVRPlugin session
[2020.03.31-09.58.11:622][298]PIE: New page: PIE 세션: Natalis_Map_01 (2020. 4. 1. 오전 3:58:11)
[2020.03.31-09.58.11:622][298]LogPlayLevel: Creating play world package: /Game/Map/UEDPIE_0_Natalis_Map_01
[2020.03.31-09.58.11:693][298]LogPlayLevel: PIE: StaticDuplicateObject took: (0.070975s)
[2020.03.31-09.58.11:693][298]LogAIModule: Creating AISystem for world Natalis_Map_01
[2020.03.31-09.58.11:694][298]LogPlayLevel: PIE: World Init took: (0.000833s)
[2020.03.31-09.58.11:694][298]LogPlayLevel: PIE: Created PIE world by copying editor world from /Game/Map/Natalis_Map_01.Natalis_Map_01 to /Game/Map/UEDPIE_0_Natalis_Map_01.Natalis_Map_01 (0.072181s)
[2020.03.31-09.58.11:790][298]LogInit: XAudio2 using '스피커 / 헤드폰(Realtek Audio)' : 2 channels at 48 kHz using 32 bits per sample (channel mask 0x3)
[2020.03.31-09.58.11:893][298]LogInit: FAudioDevice initialized.
[2020.03.31-09.58.11:920][298]LogSlate: Updating window title bar state: overlay mode, drag disabled, window buttons hidden, title bar hidden
[2020.03.31-09.58.12:038][298]LogHMD: Allocating Oculus 2720 x 1600 rendertarget swapchain
[2020.03.31-09.58.12:077][298]LogLoad: Game class is 'TP_VRGameModeBaseCPP'
[2020.03.31-09.58.12:109][298]LogWorld: Bringing World /Game/Map/UEDPIE_0_Natalis_Map_01.Natalis_Map_01 up for play (max tick rate 0) at 2020.03.31-18.58.12
[2020.03.31-09.58.12:114][298]LogWorld: Bringing up level for play took: 0.035639
[2020.03.31-09.58.12:133][298]LogContentBrowser: Native class hierarchy updated for 'MovieSceneCapture' in 0.0006 seconds. Added 10 classes and 0 folders.
[2020.03.31-09.58.12:139][298]LogSlate: New Slate User Created.  User Index 8, Is Virtual User: 1
[2020.03.31-09.58.12:139][298]LogSlate: Slate User Registered.  User Index 8, Is Virtual User: 1
[2020.03.31-09.58.12:143][298]PIE: /Game/Map/UEDPIE_0_Natalis_Map_01 에 대한 에디터에서 플레이 시작 시간: 1.584
[2020.03.31-09.58.12:144][298]LogEngine: Changing dynamic resolution state.
[2020.03.31-09.58.12:159][298]LogRenderer: Releasing previous depth to switch default clear from depth: 0.000000 stencil: 0 to depth: 0.000000 stencil: 0
[2020.03.31-09.58.12:159][298]LogRenderer: Releasing previous depth to switch default clear from depth: 0.000000 stencil: 0 to depth: 0.000000 stencil: 0
[2020.03.31-09.58.12:159][298]LogRenderer: Releasing previous depth to switch default clear from depth: 0.000000 stencil: 0 to depth: 0.000000 stencil: 0
[2020.03.31-09.58.12:159][298]LogRenderer: Releasing previous depth to switch default clear from depth: 0.000000 stencil: 0 to depth: 0.000000 stencil: 0
[2020.03.31-09.58.12:159][298]LogRenderer: Releasing previous depth to switch default clear from depth: 0.000000 stencil: 0 to depth: 0.000000 stencil: 0
[2020.03.31-09.58.12:159][298]LogRenderer: Releasing previous depth to switch default clear from depth: 0.000000 stencil: 0 to depth: 0.000000 stencil: 0
[2020.03.31-09.58.12:163][298]LogRenderer: Reallocating scene render targets to support 2720x1600 Format 26 NumSamples 1 (Frame:1).
[2020.03.31-09.58.12:163][298]LogHMD: Allocating Oculus 2720 x 1600 depth rendertarget swapchain
[2020.03.31-09.58.13:544][434]LogFileCache: Retrieving MD5 hashes for directory 'D:/Mars_GitHub/LudensVR_Project_02/LudensVR_Project_02/Content/' took 5.17s
[2020.03.31-09.58.23:213][455]LogSlate: Updating window title bar state: overlay mode, drag disabled, window buttons hidden, title bar hidden
[2020.03.31-09.58.23:286][455]LogSlate: Window 'LudensVR_Project_01 게임 미리보기 Standalone (64-비트/PCD3D_SM5)' being destroyed
[2020.03.31-09.58.23:331][455]LogPlayLevel: Display: Shutting down PIE online subsystems
[2020.03.31-09.58.23:388][455]LogSlate: Slate User Unregistered.  User Index 8
[2020.03.31-09.58.23:388][455]LogSlate: Slate User Destroyed.  User Index 8, Is Virtual User: 1
[2020.03.31-09.58.23:409][456]LogPlayLevel: Display: Destroying online subsystem :Context_5
[2020.03.31-09.58.23:410][456]LogEngine: Changing dynamic resolution state.
[2020.03.31-09.58.50:318][674]LogTemp: Repeating last play command: VR 프리뷰
[2020.03.31-09.58.50:346][674]LogPlayLevel: PlayLevel: No blueprints needed recompiling
[2020.03.31-09.58.50:346][674]LogHMD: Initializing OVRPlugin session
[2020.03.31-09.58.51:420][674]PIE: New page: PIE 세션: Natalis_Map_01 (2020. 4. 1. 오전 3:58:51)
[2020.03.31-09.58.51:420][674]LogPlayLevel: Creating play world package: /Game/Map/UEDPIE_0_Natalis_Map_01
[2020.03.31-09.58.51:499][674]LogPlayLevel: PIE: StaticDuplicateObject took: (0.079030s)
[2020.03.31-09.58.51:500][674]LogAIModule: Creating AISystem for world Natalis_Map_01
[2020.03.31-09.58.51:500][674]LogPlayLevel: PIE: World Init took: (0.000771s)
[2020.03.31-09.58.51:500][674]LogPlayLevel: PIE: Created PIE world by copying editor world from /Game/Map/Natalis_Map_01.Natalis_Map_01 to /Game/Map/UEDPIE_0_Natalis_Map_01.Natalis_Map_01 (0.080081s)
[2020.03.31-09.58.51:603][674]LogInit: XAudio2 using '스피커 / 헤드폰(Realtek Audio)' : 2 channels at 48 kHz using 32 bits per sample (channel mask 0x3)
[2020.03.31-09.58.51:718][674]LogInit: FAudioDevice initialized.
[2020.03.31-09.58.51:746][674]LogSlate: Updating window title bar state: overlay mode, drag disabled, window buttons hidden, title bar hidden
[2020.03.31-09.58.51:848][674]LogHMD: Allocating Oculus 2720 x 1600 rendertarget swapchain
[2020.03.31-09.58.51:878][674]LogLoad: Game class is 'TP_VRGameModeBaseCPP'
[2020.03.31-09.58.51:909][674]LogWorld: Bringing World /Game/Map/UEDPIE_0_Natalis_Map_01.Natalis_Map_01 up for play (max tick rate 0) at 2020.03.31-18.58.51
[2020.03.31-09.58.51:913][674]LogWorld: Bringing up level for play took: 0.033796
[2020.03.31-09.58.51:931][674]LogSlate: New Slate User Created.  User Index 8, Is Virtual User: 1
[2020.03.31-09.58.51:931][674]LogSlate: Slate User Registered.  User Index 8, Is Virtual User: 1
[2020.03.31-09.58.51:935][674]PIE: /Game/Map/UEDPIE_0_Natalis_Map_01 에 대한 에디터에서 플레이 시작 시간: 1.376
[2020.03.31-09.58.51:936][674]LogEngine: Changing dynamic resolution state.
[2020.03.31-09.58.51:947][674]LogRenderer: Releasing previous depth to switch default clear from depth: 0.000000 stencil: 0 to depth: 0.000000 stencil: 0
[2020.03.31-09.58.51:947][674]LogHMD: Allocating Oculus 2720 x 1600 depth rendertarget swapchain
[2020.03.31-09.59.15:025][579]LogSlate: Updating window title bar state: overlay mode, drag disabled, window buttons hidden, title bar hidden
[2020.03.31-09.59.15:068][579]LogSlate: Window 'LudensVR_Project_01 게임 미리보기 Standalone (64-비트/PCD3D_SM5)' being destroyed
[2020.03.31-09.59.15:112][579]LogPlayLevel: Display: Shutting down PIE online subsystems
[2020.03.31-09.59.15:166][579]LogSlate: Slate User Unregistered.  User Index 8
[2020.03.31-09.59.15:166][579]LogSlate: Slate User Destroyed.  User Index 8, Is Virtual User: 1
[2020.03.31-09.59.15:197][580]LogPlayLevel: Display: Destroying online subsystem :Context_6
[2020.03.31-09.59.15:197][580]LogEngine: Changing dynamic resolution state.
[2020.03.31-09.59.15:997][674]LogTemp: Repeating last play command: VR 프리뷰
[2020.03.31-09.59.16:018][674]LogPlayLevel: PlayLevel: No blueprints needed recompiling
[2020.03.31-09.59.16:018][674]LogHMD: Initializing OVRPlugin session
[2020.03.31-09.59.16:118][674]PIE: New page: PIE 세션: Natalis_Map_01 (2020. 4. 1. 오전 3:59:16)
[2020.03.31-09.59.16:119][674]LogPlayLevel: Creating play world package: /Game/Map/UEDPIE_0_Natalis_Map_01
[2020.03.31-09.59.16:194][674]LogPlayLevel: PIE: StaticDuplicateObject took: (0.075443s)
[2020.03.31-09.59.16:195][674]LogAIModule: Creating AISystem for world Natalis_Map_01
[2020.03.31-09.59.16:195][674]LogPlayLevel: PIE: World Init took: (0.000808s)
[2020.03.31-09.59.16:195][674]LogPlayLevel: PIE: Created PIE world by copying editor world from /Game/Map/Natalis_Map_01.Natalis_Map_01 to /Game/Map/UEDPIE_0_Natalis_Map_01.Natalis_Map_01 (0.076558s)
[2020.03.31-09.59.16:283][674]LogInit: XAudio2 using '스피커 / 헤드폰(Realtek Audio)' : 2 channels at 48 kHz using 32 bits per sample (channel mask 0x3)
[2020.03.31-09.59.16:396][674]LogInit: FAudioDevice initialized.
[2020.03.31-09.59.16:428][674]LogSlate: Updating window title bar state: overlay mode, drag disabled, window buttons hidden, title bar hidden
[2020.03.31-09.59.16:531][674]LogHMD: Allocating Oculus 2720 x 1600 rendertarget swapchain
[2020.03.31-09.59.16:558][674]LogLoad: Game class is 'TP_VRGameModeBaseCPP'
[2020.03.31-09.59.16:589][674]LogWorld: Bringing World /Game/Map/UEDPIE_0_Natalis_Map_01.Natalis_Map_01 up for play (max tick rate 0) at 2020.03.31-18.59.16
[2020.03.31-09.59.16:592][674]LogWorld: Bringing up level for play took: 0.032851
[2020.03.31-09.59.16:609][674]LogSlate: New Slate User Created.  User Index 8, Is Virtual User: 1
[2020.03.31-09.59.16:609][674]LogSlate: Slate User Registered.  User Index 8, Is Virtual User: 1
[2020.03.31-09.59.16:613][674]PIE: /Game/Map/UEDPIE_0_Natalis_Map_01 에 대한 에디터에서 플레이 시작 시간: 0.054
[2020.03.31-09.59.16:614][674]LogEngine: Changing dynamic resolution state.
[2020.03.31-09.59.16:625][674]LogRenderer: Releasing previous depth to switch default clear from depth: 0.000000 stencil: 0 to depth: 0.000000 stencil: 0
[2020.03.31-09.59.16:625][674]LogHMD: Allocating Oculus 2720 x 1600 depth rendertarget swapchain
[2020.03.31-09.59.22:351][928]LogSlate: Updating window title bar state: overlay mode, drag disabled, window buttons hidden, title bar hidden
[2020.03.31-09.59.22:403][928]LogSlate: Window 'LudensVR_Project_01 게임 미리보기 Standalone (64-비트/PCD3D_SM5)' being destroyed
[2020.03.31-09.59.22:451][928]LogPlayLevel: Display: Shutting down PIE online subsystems
[2020.03.31-09.59.22:507][928]LogSlate: Slate User Unregistered.  User Index 8
[2020.03.31-09.59.22:507][928]LogSlate: Slate User Destroyed.  User Index 8, Is Virtual User: 1
[2020.03.31-09.59.22:542][929]LogPlayLevel: Display: Destroying online subsystem :Context_7
[2020.03.31-09.59.22:543][929]LogEngine: Changing dynamic resolution state.
[2020.03.31-10.00.41:776][878]LogTemp: Repeating last play command: VR 프리뷰
[2020.03.31-10.00.41:799][878]LogPlayLevel: PlayLevel: No blueprints needed recompiling
[2020.03.31-10.00.41:799][878]LogHMD: Initializing OVRPlugin session
[2020.03.31-10.00.41:999][878]PIE: New page: PIE 세션: Natalis_Map_01 (2020. 4. 1. 오전 4:00:41)
[2020.03.31-10.00.41:999][878]LogPlayLevel: Creating play world package: /Game/Map/UEDPIE_0_Natalis_Map_01
[2020.03.31-10.00.42:092][878]LogPlayLevel: PIE: StaticDuplicateObject took: (0.092997s)
[2020.03.31-10.00.42:092][878]LogAIModule: Creating AISystem for world Natalis_Map_01
[2020.03.31-10.00.42:092][878]LogPlayLevel: PIE: World Init took: (0.000796s)
[2020.03.31-10.00.42:093][878]LogPlayLevel: PIE: Created PIE world by copying editor world from /Game/Map/Natalis_Map_01.Natalis_Map_01 to /Game/Map/UEDPIE_0_Natalis_Map_01.Natalis_Map_01 (0.094074s)
[2020.03.31-10.00.42:186][878]LogInit: XAudio2 using '스피커 / 헤드폰(Realtek Audio)' : 2 channels at 48 kHz using 32 bits per sample (channel mask 0x3)
[2020.03.31-10.00.42:294][878]LogInit: FAudioDevice initialized.
[2020.03.31-10.00.42:324][878]LogSlate: Updating window title bar state: overlay mode, drag disabled, window buttons hidden, title bar hidden
[2020.03.31-10.00.42:421][878]LogHMD: Allocating Oculus 2720 x 1600 rendertarget swapchain
[2020.03.31-10.00.42:451][878]LogLoad: Game class is 'TP_VRGameModeBaseCPP'
[2020.03.31-10.00.42:492][878]LogWorld: Bringing World /Game/Map/UEDPIE_0_Natalis_Map_01.Natalis_Map_01 up for play (max tick rate 0) at 2020.03.31-19.00.42
[2020.03.31-10.00.42:495][878]LogWorld: Bringing up level for play took: 0.043865
[2020.03.31-10.00.42:513][878]LogSlate: New Slate User Created.  User Index 8, Is Virtual User: 1
[2020.03.31-10.00.42:513][878]LogSlate: Slate User Registered.  User Index 8, Is Virtual User: 1
[2020.03.31-10.00.42:517][878]PIE: /Game/Map/UEDPIE_0_Natalis_Map_01 에 대한 에디터에서 플레이 시작 시간: -0.041
[2020.03.31-10.00.42:518][878]LogEngine: Changing dynamic resolution state.
[2020.03.31-10.00.42:529][878]LogRenderer: Releasing previous depth to switch default clear from depth: 0.000000 stencil: 0 to depth: 0.000000 stencil: 0
[2020.03.31-10.00.42:529][878]LogHMD: Allocating Oculus 2720 x 1600 depth rendertarget swapchain
[2020.03.31-10.01.24:266][ 62]LogSlate: Updating window title bar state: overlay mode, drag disabled, window buttons hidden, title bar hidden
[2020.03.31-10.01.24:312][ 62]LogSlate: Window 'LudensVR_Project_01 게임 미리보기 Standalone (64-비트/PCD3D_SM5)' being destroyed
[2020.03.31-10.01.24:363][ 62]LogPlayLevel: Display: Shutting down PIE online subsystems
[2020.03.31-10.01.24:422][ 62]LogSlate: Slate User Unregistered.  User Index 8
[2020.03.31-10.01.24:422][ 62]LogSlate: Slate User Destroyed.  User Index 8, Is Virtual User: 1
[2020.03.31-10.01.24:447][ 63]LogPlayLevel: Display: Destroying online subsystem :Context_8
[2020.03.31-10.01.24:447][ 63]LogEngine: Changing dynamic resolution state.
[2020.03.31-10.01.34:320][451]LogEditorViewport: Clicking on Actor (LMB): StaticMeshActor (Mesh_Wall_Panel_01)
[2020.03.31-10.01.35:295][541]LogSlate: FSceneViewport::OnFocusLost() reason 0
[2020.03.31-10.01.35:515][554]LogSlate: Window 'LudensVR_Project_01 - 언리얼 에디터' being destroyed
[2020.03.31-10.01.35:520][554]LogWindowsTextInputMethodSystem: Display: IME system now activated using TSF (Microsoft 입력기).
[2020.03.31-10.01.35:651][555]Cmd: QUIT_EDITOR
[2020.03.31-10.01.35:842][555]LogExit: Preparing to exit.
[2020.03.31-10.01.36:653][555]LogExit: Editor shut down
[2020.03.31-10.01.36:653][555]LogExit: Transaction tracking system shut down
[2020.03.31-10.01.37:389][555]LogExit: Object subsystem successfully closed.
[2020.03.31-10.01.37:426][555]LogShaderCompilers: Display: Shaders left to compile 0
[2020.03.31-10.01.37:434][555]LogD3D11RHI: Shutdown
[2020.03.31-10.01.37:434][555]LogD3D11RHI: CleanupD3DDevice
[2020.03.31-10.01.37:438][555]LogD3D11RHI: ~FD3D11DynamicRHI
[2020.03.31-10.01.37:451][555]LogModuleManager: Shutting down and abandoning module MovieSceneCapture (616)
[2020.03.31-10.01.37:451][555]LogModuleManager: Shutting down and abandoning module Voice (614)
[2020.03.31-10.01.37:451][555]LogModuleManager: Shutting down and abandoning module HierarchicalLODOutliner (612)
[2020.03.31-10.01.37:451][555]LogModuleManager: Shutting down and abandoning module SceneOutliner (610)
[2020.03.31-10.01.37:451][555]LogModuleManager: Shutting down and abandoning module AddContentDialog (608)
[2020.03.31-10.01.37:451][555]LogModuleManager: Shutting down and abandoning module WidgetCarousel (607)
[2020.03.31-10.01.37:451][555]LogModuleManager: Shutting down and abandoning module EditorWidgets (604)
[2020.03.31-10.01.37:451][555]LogModuleManager: Shutting down and abandoning module CollectionManager (602)
[2020.03.31-10.01.37:452][555]LogModuleManager: Shutting down and abandoning module StatsViewer (600)
[2020.03.31-10.01.37:452][555]LogModuleManager: Shutting down and abandoning module FoliageEdit (598)
[2020.03.31-10.01.37:452][555]LogModuleManager: Shutting down and abandoning module LandscapeEditor (596)
[2020.03.31-10.01.37:452][555]LogModuleManager: Shutting down and abandoning module MeshPaintMode (594)
[2020.03.31-10.01.37:452][555]LogModuleManager: Shutting down and abandoning module SceneDepthPickerMode (592)
[2020.03.31-10.01.37:452][555]LogModuleManager: Shutting down and abandoning module ActorPickerMode (590)
[2020.03.31-10.01.37:452][555]LogModuleManager: Shutting down and abandoning module GeometryMode (588)
[2020.03.31-10.01.37:452][555]LogModuleManager: Shutting down and abandoning module TextureAlignMode (586)
[2020.03.31-10.01.37:452][555]LogModuleManager: Shutting down and abandoning module BspMode (584)
[2020.03.31-10.01.37:452][555]LogModuleManager: Shutting down and abandoning module PIEPreviewDeviceProfileSelector (582)
[2020.03.31-10.01.37:452][555]LogModuleManager: Shutting down and abandoning module SequenceRecorderSections (580)
[2020.03.31-10.01.37:452][555]LogModuleManager: Shutting down and abandoning module AutomationWorker (578)
[2020.03.31-10.01.37:452][555]LogModuleManager: Shutting down and abandoning module AudioCaptureEditor (576)
[2020.03.31-10.01.37:452][555]LogModuleManager: Shutting down and abandoning module SequenceRecorder (575)
[2020.03.31-10.01.37:452][555]LogModuleManager: Shutting down and abandoning module MatineeToLevelSequence (572)
[2020.03.31-10.01.37:452][555]LogModuleManager: Shutting down and abandoning module LevelSequenceEditor (570)
[2020.03.31-10.01.37:452][555]LogModuleManager: Shutting down and abandoning module PlacementMode (569)
[2020.03.31-10.01.37:452][555]LogModuleManager: Shutting down and abandoning module MaterialEditor (568)
[2020.03.31-10.01.37:452][555]LogModuleManager: Shutting down and abandoning module WmfMediaFactory (564)
[2020.03.31-10.01.37:452][555]LogModuleManager: Shutting down and abandoning module WmfMediaEditor (562)
[2020.03.31-10.01.37:453][555]LogModuleManager: Shutting down and abandoning module MediaPlayerEditor (560)
[2020.03.31-10.01.37:453][555]LogModuleManager: Shutting down and abandoning module OpenExrWrapper (558)
[2020.03.31-10.01.37:453][555]LogModuleManager: Shutting down and abandoning module ImgMediaFactory (556)
[2020.03.31-10.01.37:453][555]LogModuleManager: Shutting down and abandoning module ImgMediaEditor (554)
[2020.03.31-10.01.37:453][555]LogModuleManager: Shutting down and abandoning module AvfMediaFactory (552)
[2020.03.31-10.01.37:453][555]LogModuleManager: Shutting down and abandoning module AvfMediaEditor (550)
[2020.03.31-10.01.37:453][555]LogModuleManager: Shutting down and abandoning module AndroidMediaFactory (548)
[2020.03.31-10.01.37:453][555]LogModuleManager: Shutting down and abandoning module AndroidMediaEditor (546)
[2020.03.31-10.01.37:453][555]LogModuleManager: Shutting down and abandoning module MagicLeapCameraPreviewFactory (544)
[2020.03.31-10.01.37:453][555]LogModuleManager: Shutting down and abandoning module MagicLeapMediaFactory (542)
[2020.03.31-10.01.37:453][555]LogModuleManager: Shutting down and abandoning module MagicLeapMediaEditor (540)
[2020.03.31-10.01.37:453][555]LogModuleManager: Shutting down and abandoning module CharacterAI (538)
[2020.03.31-10.01.37:453][555]LogModuleManager: Shutting down and abandoning module SmartSnapping (536)
[2020.03.31-10.01.37:453][555]LogModuleManager: Shutting down and abandoning module SessionServices (534)
[2020.03.31-10.01.37:453][555]LogModuleManager: Shutting down and abandoning module ViewportSnapping (532)
[2020.03.31-10.01.37:453][555]LogModuleManager: Shutting down and abandoning module ViewportInteraction (530)
[2020.03.31-10.01.37:453][555]LogModuleManager: Shutting down and abandoning module ClothPainter (528)
[2020.03.31-10.01.37:453][555]LogModuleManager: Shutting down and abandoning module SkeletalMeshEditor (527)
[2020.03.31-10.01.37:453][555]LogModuleManager: Shutting down and abandoning module LogVisualizer (524)
[2020.03.31-10.01.37:453][555]LogModuleManager: Shutting down and abandoning module IntroTutorials (522)
[2020.03.31-10.01.37:454][555]LogModuleManager: Shutting down and abandoning module GameProjectGeneration (521)
[2020.03.31-10.01.37:454][555]LogModuleManager: Shutting down and abandoning module LuminPlatformEditor (518)
[2020.03.31-10.01.37:454][555]LogModuleManager: Shutting down and abandoning module IOSPlatformEditor (516)
[2020.03.31-10.01.37:454][555]LogModuleManager: Shutting down and abandoning module HTML5PlatformEditor (514)
[2020.03.31-10.01.37:454][555]LogModuleManager: Shutting down and abandoning module AndroidPlatformEditor (512)
[2020.03.31-10.01.37:454][555]LogModuleManager: Shutting down and abandoning module AndroidDeviceDetection (511)
[2020.03.31-10.01.38:293][555]LogModuleManager: Shutting down and abandoning module WindowsPlatformEditor (508)
[2020.03.31-10.01.38:293][555]LogModuleManager: Shutting down and abandoning module LuminRuntimeSettings (506)
[2020.03.31-10.01.38:293][555]LogModuleManager: Shutting down and abandoning module IOSRuntimeSettings (504)
[2020.03.31-10.01.38:293][555]LogModuleManager: Shutting down and abandoning module AndroidRuntimeSettings (502)
[2020.03.31-10.01.38:293][555]LogModuleManager: Shutting down and abandoning module InputBindingEditor (500)
[2020.03.31-10.01.38:293][555]LogModuleManager: Shutting down and abandoning module MergeActors (498)
[2020.03.31-10.01.38:293][555]LogModuleManager: Shutting down and abandoning module LocalizationDashboard (496)
[2020.03.31-10.01.38:293][555]LogModuleManager: Shutting down and abandoning module LocalizationService (495)
[2020.03.31-10.01.38:293][555]LogModuleManager: Shutting down and abandoning module HardwareTargeting (492)
[2020.03.31-10.01.38:293][555]LogModuleManager: Shutting down and abandoning module DeviceProfileEditor (490)
[2020.03.31-10.01.38:293][555]LogModuleManager: Shutting down and abandoning module UndoHistory (488)
[2020.03.31-10.01.38:293][555]LogModuleManager: Shutting down and abandoning module XmlParser (486)
[2020.03.31-10.01.38:293][555]LogModuleManager: Shutting down and abandoning module Blutility (484)
[2020.03.31-10.01.38:293][555]LogModuleManager: Shutting down and abandoning module ProjectSettingsViewer (482)
[2020.03.31-10.01.38:293][555]LogModuleManager: Shutting down and abandoning module ProjectTargetPlatformEditor (481)
[2020.03.31-10.01.38:293][555]LogModuleManager: Shutting down and abandoning module EditorSettingsViewer (478)
[2020.03.31-10.01.38:293][555]LogModuleManager: Shutting down and abandoning module SettingsEditor (476)
[2020.03.31-10.01.38:293][555]LogModuleManager: Shutting down and abandoning module ProjectLauncher (474)
[2020.03.31-10.01.38:293][555]LogModuleManager: Shutting down and abandoning module SessionFrontend (472)
[2020.03.31-10.01.38:294][555]LogModuleManager: Shutting down and abandoning module ProfilerClient (470)
[2020.03.31-10.01.38:294][555]LogModuleManager: Shutting down and abandoning module DeviceManager (468)
[2020.03.31-10.01.38:294][555]LogModuleManager: Shutting down and abandoning module TargetDeviceServices (467)
[2020.03.31-10.01.38:346][555]LogModuleManager: Shutting down and abandoning module AutomationController (464)
[2020.03.31-10.01.38:346][555]LogModuleManager: Shutting down and abandoning module AutomationWindow (462)
[2020.03.31-10.01.38:346][555]LogModuleManager: Shutting down and abandoning module Layers (460)
[2020.03.31-10.01.38:346][555]LogModuleManager: Shutting down and abandoning module ComponentVisualizers (458)
[2020.03.31-10.01.38:346][555]LogModuleManager: Shutting down and abandoning module DetailCustomizations (456)
[2020.03.31-10.01.38:346][555]LogModuleManager: Shutting down and abandoning module PackagesDialog (454)
[2020.03.31-10.01.38:346][555]LogModuleManager: Shutting down and abandoning module Persona (452)
[2020.03.31-10.01.38:346][555]LogModuleManager: Shutting down and abandoning module AdvancedPreviewScene (451)
[2020.03.31-10.01.38:346][555]LogModuleManager: Shutting down and abandoning module AnimGraph (449)
[2020.03.31-10.01.38:346][555]LogModuleManager: Shutting down and abandoning module Kismet (446)
[2020.03.31-10.01.38:346][555]LogModuleManager: Shutting down and abandoning module GraphEditor (444)
[2020.03.31-10.01.38:346][555]LogModuleManager: Shutting down and abandoning module ClassViewer (442)
[2020.03.31-10.01.38:347][555]LogModuleManager: Shutting down and abandoning module Toolbox (440)
[2020.03.31-10.01.38:347][555]LogModuleManager: Shutting down and abandoning module DesktopPlatform (439)
[2020.03.31-10.01.38:347][555]LogModuleManager: Shutting down and abandoning module ModuleUI (436)
[2020.03.31-10.01.38:347][555]LogModuleManager: Shutting down and abandoning module MovieSceneTools (434)
[2020.03.31-10.01.38:347][555]LogModuleManager: Shutting down and abandoning module OutputLog (432)
[2020.03.31-10.01.38:347][555]LogModuleManager: Shutting down and abandoning module GammaUI (430)
[2020.03.31-10.01.38:347][555]LogModuleManager: Shutting down and abandoning module Documentation (428)
[2020.03.31-10.01.38:347][555]LogModuleManager: Shutting down and abandoning module MovieSceneTracks (426)
[2020.03.31-10.01.38:347][555]LogModuleManager: Shutting down and abandoning module MovieScene (424)
[2020.03.31-10.01.38:347][555]LogModuleManager: Shutting down and abandoning module StreamingPauseRendering (422)
[2020.03.31-10.01.38:347][555]LogModuleManager: Shutting down and abandoning module LauncherPlatform (420)
[2020.03.31-10.01.38:347][555]LogModuleManager: Shutting down and abandoning module AnalyticsET (418)
[2020.03.31-10.01.38:347][555]LogModuleManager: Shutting down and abandoning module PortalServices (416)
[2020.03.31-10.01.38:347][555]LogModuleManager: Shutting down and abandoning module PortalRpc (414)
[2020.03.31-10.01.38:347][555]LogModuleManager: Shutting down and abandoning module MessagingRpc (412)
[2020.03.31-10.01.38:347][555]LogModuleManager: Shutting down and abandoning module AIModule (410)
[2020.03.31-10.01.38:347][555]LogModuleManager: Shutting down and abandoning module GameplayDebugger (409)
[2020.03.31-10.01.38:347][555]LogModuleManager: Shutting down and abandoning module AITestSuite (407)
[2020.03.31-10.01.38:347][555]LogModuleManager: Shutting down and abandoning module NavigationSystem (405)
[2020.03.31-10.01.38:347][555]LogModuleManager: Shutting down and abandoning module ProfilerService (402)
[2020.03.31-10.01.38:579][555]LogModuleManager: Shutting down and abandoning module TaskGraph (400)
[2020.03.31-10.01.38:580][555]LogModuleManager: Shutting down and abandoning module SteamVRController (398)
[2020.03.31-10.01.38:580][555]LogModuleManager: Shutting down and abandoning module ProceduralMeshComponentEditor (396)
[2020.03.31-10.01.38:580][555]LogModuleManager: Shutting down and abandoning module ProceduralMeshComponent (394)
[2020.03.31-10.01.38:580][555]LogModuleManager: Shutting down and abandoning module OculusInput (392)
[2020.03.31-10.01.38:580][555]LogModuleManager: Shutting down and abandoning module MobilePatchingUtils (390)
[2020.03.31-10.01.38:580][555]LogModuleManager: Shutting down and abandoning module EditableMesh (388)
[2020.03.31-10.01.38:580][555]LogModuleManager: Shutting down and abandoning module CustomMeshComponent (386)
[2020.03.31-10.01.38:580][555]LogModuleManager: Shutting down and abandoning module CableComponent (384)
[2020.03.31-10.01.38:580][555]LogModuleManager: Shutting down and abandoning module AudioCapture (382)
[2020.03.31-10.01.38:580][555]LogModuleManager: Shutting down and abandoning module ArchVisCharacter (380)
[2020.03.31-10.01.38:580][555]LogModuleManager: Shutting down and abandoning module AndroidPermission (378)
[2020.03.31-10.01.38:580][555]LogModuleManager: Shutting down and abandoning module NUTUnrealEngine4 (376)
[2020.03.31-10.01.38:580][555]LogModuleManager: Shutting down and abandoning module NetcodeUnitTest (374)
[2020.03.31-10.01.38:580][555]LogModuleManager: Shutting down and abandoning module MediaCompositingEditor (372)
[2020.03.31-10.01.38:580][555]LogModuleManager: Shutting down and abandoning module MediaCompositing (370)
[2020.03.31-10.01.38:580][555]LogModuleManager: Shutting down and abandoning module LinearTimecode (368)
[2020.03.31-10.01.38:580][555]LogModuleManager: Shutting down and abandoning module ImgMedia (366)
[2020.03.31-10.01.38:584][555]LogModuleManager: Shutting down and abandoning module HTML5Networking (364)
[2020.03.31-10.01.38:584][555]LogModuleManager: Shutting down and abandoning module GeometryCacheTracks (362)
[2020.03.31-10.01.38:584][555]LogModuleManager: Shutting down and abandoning module GeometryCacheSequencer (360)
[2020.03.31-10.01.38:584][555]LogModuleManager: Shutting down and abandoning module BackChannel (358)
[2020.03.31-10.01.38:584][555]LogModuleManager: Shutting down and abandoning module AppleVision (356)
[2020.03.31-10.01.38:584][555]LogModuleManager: Shutting down and abandoning module AppleImageUtils (354)
[2020.03.31-10.01.38:584][555]LogModuleManager: Shutting down and abandoning module AlembicImporter (352)
[2020.03.31-10.01.38:584][555]LogModuleManager: Shutting down and abandoning module AlembicLibrary (351)
[2020.03.31-10.01.38:584][555]LogModuleManager: Shutting down and abandoning module GeometryCache (350)
[2020.03.31-10.01.38:584][555]LogModuleManager: Shutting down and abandoning module GeometryCacheEd (349)
[2020.03.31-10.01.38:584][555]LogModuleManager: Shutting down and abandoning module DatasmithContentEditor (344)
[2020.03.31-10.01.38:584][555]LogModuleManager: Shutting down and abandoning module DatasmithContent (342)
[2020.03.31-10.01.38:585][555]LogModuleManager: Shutting down and abandoning module SpeedTreeImporter (340)
[2020.03.31-10.01.38:585][555]LogModuleManager: Shutting down and abandoning module PluginBrowser (338)
[2020.03.31-10.01.38:585][555]LogModuleManager: Shutting down and abandoning module MobileLauncherProfileWizard (336)
[2020.03.31-10.01.38:585][555]LogModuleManager: Shutting down and abandoning module PolygonModeling (334)
[2020.03.31-10.01.38:585][555]LogModuleManager: Shutting down and abandoning module MeshEditor (332)
[2020.03.31-10.01.38:585][555]LogModuleManager: Shutting down and abandoning module CryptoKeysOpenSSL (330)
[2020.03.31-10.01.38:585][555]LogModuleManager: Shutting down and abandoning module CryptoKeys (328)
[2020.03.31-10.01.38:585][555]LogModuleManager: Shutting down and abandoning module VisualStudioSourceCodeAccess (326)
[2020.03.31-10.01.38:585][555]LogModuleManager: Shutting down and abandoning module VisualStudioCodeSourceCodeAccess (324)
[2020.03.31-10.01.38:585][555]LogModuleManager: Shutting down and abandoning module UObjectPlugin (322)
[2020.03.31-10.01.38:585][555]LogModuleManager: Shutting down and abandoning module SubversionSourceControl (320)
[2020.03.31-10.01.38:585][555]LogModuleManager: Shutting down and abandoning module PerforceSourceControl (318)
[2020.03.31-10.01.38:586][555]LogModuleManager: Shutting down and abandoning module GitSourceControl (316)
[2020.03.31-10.01.38:586][555]LogModuleManager: Shutting down and abandoning module SourceControl (315)
[2020.03.31-10.01.38:586][555]LogModuleManager: Shutting down and abandoning module CLionSourceCodeAccess (312)
[2020.03.31-10.01.38:586][555]LogModuleManager: Shutting down and abandoning module LightPropagationVolumeEditor (310)
[2020.03.31-10.01.38:586][555]LogModuleManager: Shutting down and abandoning module PaperTiledImporter (308)
[2020.03.31-10.01.38:586][555]LogModuleManager: Shutting down and abandoning module PaperSpriteSheetImporter (306)
[2020.03.31-10.01.38:586][555]LogModuleManager: Shutting down and abandoning module Paper2DEditor (304)
[2020.03.31-10.01.38:586][555]LogModuleManager: Shutting down and abandoning module MeshPaint (303)
[2020.03.31-10.01.38:586][555]LogModuleManager: Shutting down and abandoning module LudensVR_Project_01 (300)
[2020.03.31-10.01.38:586][555]LogModuleManager: Shutting down and abandoning module RuntimePhysXCooking (298)
[2020.03.31-10.01.38:586][555]LogModuleManager: Shutting down and abandoning module PhysXVehiclesEditor (296)
[2020.03.31-10.01.38:586][555]LogModuleManager: Shutting down and abandoning module PhysXVehicles (294)
[2020.03.31-10.01.38:586][555]LogModuleManager: Shutting down and abandoning module OculusEditor (292)
[2020.03.31-10.01.38:586][555]LogModuleManager: Shutting down and abandoning module LocationServicesBPLibrary (290)
[2020.03.31-10.01.38:586][555]LogModuleManager: Shutting down and abandoning module ImmediatePhysicsEditor (288)
[2020.03.31-10.01.38:586][555]LogModuleManager: Shutting down and abandoning module ImmediatePhysics (286)
[2020.03.31-10.01.38:586][555]LogModuleManager: Shutting down and abandoning module ActorSequence (284)
[2020.03.31-10.01.38:586][555]LogModuleManager: Shutting down and abandoning module UdpMessaging (282)
[2020.03.31-10.01.38:687][555]LogModuleManager: Shutting down and abandoning module TcpMessaging (280)
[2020.03.31-10.01.38:788][555]LogModuleManager: Shutting down and abandoning module MagicLeapAudio (278)
[2020.03.31-10.01.38:788][555]LogModuleManager: Shutting down and abandoning module GameplayTagsEditor (276)
[2020.03.31-10.01.38:788][555]LogModuleManager: Shutting down and abandoning module FacialAnimationEditor (274)
[2020.03.31-10.01.38:788][555]LogModuleManager: Shutting down and abandoning module FacialAnimation (272)
[2020.03.31-10.01.38:788][555]LogModuleManager: Shutting down and abandoning module DataValidation (270)
[2020.03.31-10.01.38:788][555]LogModuleManager: Shutting down and abandoning module AssetManagerEditor (268)
[2020.03.31-10.01.38:788][555]LogModuleManager: Shutting down and abandoning module LevelEditor (267)
[2020.03.31-10.01.38:789][555]LogModuleManager: Shutting down and abandoning module PixelInspectorModule (266)
[2020.03.31-10.01.38:789][555]LogModuleManager: Shutting down and abandoning module CommonMenuExtensions (264)
[2020.03.31-10.01.38:790][555]LogModuleManager: Shutting down and abandoning module MainFrame (262)
[2020.03.31-10.01.38:790][555]LogModuleManager: Shutting down and abandoning module HotReload (261)
[2020.03.31-10.01.38:790][555]LogModuleManager: Shutting down and abandoning module ContentBrowser (257)
[2020.03.31-10.01.38:792][555]LogModuleManager: Shutting down and abandoning module TreeMap (255)
[2020.03.31-10.01.38:792][555]LogModuleManager: Shutting down and abandoning module LightPropagationVolumeRuntime (252)
[2020.03.31-10.01.38:792][555]LogModuleManager: Shutting down and abandoning module AISupportModule (250)
[2020.03.31-10.01.38:792][555]LogModuleManager: Shutting down and abandoning module Paper2D (248)
[2020.03.31-10.01.38:792][555]LogModuleManager: Shutting down and abandoning module WindowsMoviePlayer (246)
[2020.03.31-10.01.38:792][555]LogModuleManager: Shutting down and abandoning module WmfMedia (244)
[2020.03.31-10.01.38:793][555]LogModuleManager: Shutting down and abandoning module Media (243)
[2020.03.31-10.01.38:799][555]LogModuleManager: Shutting down and abandoning module PacketHandler (240)
[2020.03.31-10.01.38:800][555]LogModuleManager: Shutting down and abandoning module ClothingSystemEditor (238)
[2020.03.31-10.01.38:800][555]LogModuleManager: Shutting down and abandoning module ClothingSystemRuntime (236)
[2020.03.31-10.01.38:800][555]LogModuleManager: Shutting down and abandoning module MediaAssets (234)
[2020.03.31-10.01.38:800][555]LogModuleManager: Shutting down and abandoning module Overlay (232)
[2020.03.31-10.01.38:800][555]LogModuleManager: Shutting down and abandoning module OverlayEditor (231)
[2020.03.31-10.01.38:800][555]LogModuleManager: Shutting down and abandoning module VREditor (228)
[2020.03.31-10.01.38:800][555]LogModuleManager: Shutting down and abandoning module StringTableEditor (226)
[2020.03.31-10.01.38:800][555]LogModuleManager: Shutting down and abandoning module GameplayTasksEditor (224)
[2020.03.31-10.01.38:800][555]LogModuleManager: Shutting down and abandoning module BehaviorTreeEditor (222)
[2020.03.31-10.01.38:800][555]LogModuleManager: Shutting down and abandoning module FunctionalTesting (220)
[2020.03.31-10.01.38:800][555]LogModuleManager: Shutting down and abandoning module CollisionAnalyzer (218)
[2020.03.31-10.01.38:800][555]LogModuleManager: Shutting down and abandoning module WorkspaceMenuStructure (217)
[2020.03.31-10.01.38:800][555]LogModuleManager: Shutting down and abandoning module UMG (214)
[2020.03.31-10.01.38:800][555]LogModuleManager: Shutting down and abandoning module UMGEditor (213)
[2020.03.31-10.01.38:800][555]LogModuleManager: Shutting down and abandoning module Sequencer (212)
[2020.03.31-10.01.38:800][555]LogModuleManager: Shutting down and abandoning module MessageLog (209)
[2020.03.31-10.01.38:800][555]LogModuleManager: Shutting down and abandoning module SlateReflector (204)
[2020.03.31-10.01.38:800][555]LogModuleManager: Shutting down and abandoning module Slate (202)
[2020.03.31-10.01.38:800][555]LogModuleManager: Shutting down and abandoning module EditorStyle (200)
[2020.03.31-10.01.38:802][555]LogModuleManager: Shutting down and abandoning module MRMesh (198)
[2020.03.31-10.01.38:802][555]LogModuleManager: Shutting down and abandoning module SourceCodeAccess (196)
[2020.03.31-10.01.38:802][555]LogModuleManager: Shutting down and abandoning module HeadMountedDisplay (194)
[2020.03.31-10.01.38:802][555]LogModuleManager: Shutting down and abandoning module XAudio2 (192)
[2020.03.31-10.01.38:802][555]LogModuleManager: Shutting down and abandoning module Networking (190)
[2020.03.31-10.01.38:802][555]LogModuleManager: Shutting down and abandoning module Core (188)
[2020.03.31-10.01.38:802][555]LogModuleManager: Shutting down and abandoning module LevelSequence (186)
[2020.03.31-10.01.38:802][555]LogModuleManager: Shutting down and abandoning module KismetCompiler (184)
[2020.03.31-10.01.38:802][555]LogModuleManager: Shutting down and abandoning module MeshUtilities (182)
[2020.03.31-10.01.38:802][555]LogModuleManager: Shutting down and abandoning module MeshMergeUtilities (181)
[2020.03.31-10.01.38:802][555]LogModuleManager: Shutting down and abandoning module MeshReductionInterface (180)
[2020.03.31-10.01.38:802][555]LogModuleManager: Shutting down and abandoning module SimplygonSwarm (179)
[2020.03.31-10.01.38:802][555]LogModuleManager: Shutting down and abandoning module ProxyLODMeshReduction (177)
[2020.03.31-10.01.38:803][555]LogModuleManager: Shutting down and abandoning module SimplygonMeshReduction (175)
[2020.03.31-10.01.38:803][555]LogModuleManager: Shutting down and abandoning module QuadricMeshReduction (173)
[2020.03.31-10.01.38:803][555]LogModuleManager: Shutting down and abandoning module MaterialBaking (169)
[2020.03.31-10.01.38:803][555]LogModuleManager: Shutting down and abandoning module DirectoryWatcher (165)
[2020.03.31-10.01.38:803][555]LogModuleManager: Shutting down and abandoning module DerivedDataCache (162)
[2020.03.31-10.01.38:832][555]LogDerivedDataCache: Shutdown
[2020.03.31-10.01.38:833][555]LogModuleManager: Shutting down and abandoning module XGEController (160)
[2020.03.31-10.01.38:833][555]LogXGEController: Cleaning working directory: C:/Users/3DCL_Gamma/AppData/Local/Temp/UnrealXGEWorkingDir/
[2020.03.31-10.01.38:833][555]LogModuleManager: Shutting down and abandoning module TargetPlatform (158)
[2020.03.31-10.01.38:833][555]LogModuleManager: Shutting down and abandoning module VulkanShaderFormat (157)
[2020.03.31-10.01.38:833][555]LogModuleManager: Shutting down and abandoning module ShaderFormatVectorVM (155)
[2020.03.31-10.01.38:833][555]LogModuleManager: Shutting down and abandoning module ShaderFormatOpenGL (153)
[2020.03.31-10.01.38:833][555]LogModuleManager: Shutting down and abandoning module ShaderFormatD3D (151)
[2020.03.31-10.01.38:833][555]LogModuleManager: Shutting down and abandoning module MetalShaderFormat (149)
[2020.03.31-10.01.38:833][555]LogModuleManager: Shutting down and abandoning module TextureFormatUncompressed (147)
[2020.03.31-10.01.38:833][555]LogModuleManager: Shutting down and abandoning module TextureFormatPVR (145)
[2020.03.31-10.01.38:833][555]LogModuleManager: Shutting down and abandoning module TextureFormatDXT (143)
[2020.03.31-10.01.38:833][555]LogModuleManager: Shutting down and abandoning module TextureFormatIntelISPCTexComp (141)
[2020.03.31-10.01.38:833][555]LogModuleManager: Shutting down and abandoning module TextureFormatASTC (139)
[2020.03.31-10.01.38:833][555]LogModuleManager: Shutting down and abandoning module ImageWrapper (138)
[2020.03.31-10.01.38:835][555]LogModuleManager: Shutting down and abandoning module TextureFormatAndroid (135)
[2020.03.31-10.01.38:835][555]LogModuleManager: Shutting down and abandoning module AudioFormatOpus (133)
[2020.03.31-10.01.38:835][555]LogModuleManager: Shutting down and abandoning module AudioFormatOgg (131)
[2020.03.31-10.01.38:835][555]LogModuleManager: Shutting down and abandoning module AudioFormatADPCM (129)
[2020.03.31-10.01.38:835][555]LogModuleManager: Shutting down and abandoning module LuminTargetPlatform (127)
[2020.03.31-10.01.38:835][555]LogModuleManager: Shutting down and abandoning module LinuxTargetPlatform (125)
[2020.03.31-10.01.38:835][555]LogModuleManager: Shutting down and abandoning module LinuxServerTargetPlatform (123)
[2020.03.31-10.01.38:835][555]LogModuleManager: Shutting down and abandoning module LinuxNoEditorTargetPlatform (121)
[2020.03.31-10.01.38:835][555]LogModuleManager: Shutting down and abandoning module LinuxClientTargetPlatform (119)
[2020.03.31-10.01.38:835][555]LogModuleManager: Shutting down and abandoning module TVOSTargetPlatform (117)
[2020.03.31-10.01.38:836][555]LogModuleManager: Shutting down and abandoning module Messaging (115)
[2020.03.31-10.01.38:836][555]LogModuleManager: Shutting down and abandoning module IOSTargetPlatform (113)
[2020.03.31-10.01.38:838][555]LogModuleManager: Shutting down and abandoning module HTML5TargetPlatform (111)
[2020.03.31-10.01.38:838][555]LogModuleManager: Shutting down and abandoning module AndroidTargetPlatform (109)
[2020.03.31-10.01.38:844][555]LogModuleManager: Shutting down and abandoning module WindowsTargetPlatform (107)
[2020.03.31-10.01.38:844][555]LogModuleManager: Shutting down and abandoning module WindowsServerTargetPlatform (105)
[2020.03.31-10.01.38:844][555]LogModuleManager: Shutting down and abandoning module WindowsNoEditorTargetPlatform (103)
[2020.03.31-10.01.38:844][555]LogModuleManager: Shutting down and abandoning module WindowsClientTargetPlatform (101)
[2020.03.31-10.01.38:844][555]LogModuleManager: Shutting down and abandoning module MacTargetPlatform (99)
[2020.03.31-10.01.38:844][555]LogModuleManager: Shutting down and abandoning module MacServerTargetPlatform (97)
[2020.03.31-10.01.38:844][555]LogModuleManager: Shutting down and abandoning module MacNoEditorTargetPlatform (95)
[2020.03.31-10.01.38:844][555]LogModuleManager: Shutting down and abandoning module MacClientTargetPlatform (93)
[2020.03.31-10.01.38:844][555]LogModuleManager: Shutting down and abandoning module AllDesktopTargetPlatform (91)
[2020.03.31-10.01.38:844][555]LogModuleManager: Shutting down and abandoning module InputCore (88)
[2020.03.31-10.01.38:844][555]LogModuleManager: Shutting down and abandoning module Settings (86)
[2020.03.31-10.01.38:845][555]LogModuleManager: Shutting down and abandoning module PhysXCooking (84)
[2020.03.31-10.01.38:845][555]LogModuleManager: Shutting down and abandoning module SteamVR (82)
[2020.03.31-10.01.38:845][555]LogModuleManager: Shutting down and abandoning module OculusHMD (80)
[2020.03.31-10.01.38:845][555]LogModuleManager: Shutting down and abandoning module ExampleDeviceProfileSelector (78)
[2020.03.31-10.01.38:845][555]LogModuleManager: Shutting down and abandoning module LauncherChunkInstaller (76)
[2020.03.31-10.01.38:845][555]LogModuleManager: Shutting down and abandoning module OnlineBlueprintSupport (74)
[2020.03.31-10.01.38:845][555]LogModuleManager: Shutting down and abandoning module OnlineSubsystem (70)
[2020.03.31-10.01.38:846][555]LogModuleManager: Shutting down and abandoning module XMPP (65)
[2020.03.31-10.01.38:846][555]LogModuleManager: Shutting down and abandoning module WebSockets (64)
[2020.03.31-10.01.38:859][555]LogModuleManager: Shutting down and abandoning module HTTP (61)
[2020.03.31-10.01.38:860][555]LogHttp: Display: Http module shutting down, but needs to wait on 1 outstanding Http requests:
[2020.03.31-10.01.38:860][555]LogHttp: Display: 	verb=[POST] url=[https://datarouter.ol.epicgames.com/datarouter/api/v1/public/data?SessionID=%7BC4B250E0-49DC-C535-073E-3AB1E8EE9037%7D&AppID=UEEditor.Rocket.Release&AppVersion=4.20.3-4369336%2B%2B%2BUE4%2BRelease-4.20&UserID=dc1a8f87488d6ec35bd650bd1ed5dadc%7C0868d3f7fda142f2b641978a0b0268df%7C0b351596-b6bf-4416-b2de-e2d9115b72c0&AppEnvironment=datacollector-binary&UploadType=eteventstream] status=Processing
[2020.03.31-10.01.38:871][555]LogModuleManager: Shutting down and abandoning module SSL (60)
[2020.03.31-10.01.38:873][555]LogModuleManager: Shutting down and abandoning module MagicLeapEmulator (56)
[2020.03.31-10.01.38:873][555]LogModuleManager: Shutting down and abandoning module MagicLeapPrivileges (54)
[2020.03.31-10.01.38:873][555]LogModuleManager: Shutting down and abandoning module MagicLeapIdentity (52)
[2020.03.31-10.01.38:873][555]LogModuleManager: Shutting down and abandoning module MagicLeapHelperVulkan (50)
[2020.03.31-10.01.38:873][555]LogModuleManager: Shutting down and abandoning module MagicLeapHelperOpenGL (48)
[2020.03.31-10.01.38:873][555]LogModuleManager: Shutting down and abandoning module MagicLeapSecureStorage (46)
[2020.03.31-10.01.38:873][555]LogModuleManager: Shutting down and abandoning module MagicLeapGestures (44)
[2020.03.31-10.01.38:873][555]LogModuleManager: Shutting down and abandoning module MagicLeapEyeTracker (42)
[2020.03.31-10.01.38:873][555]LogModuleManager: Shutting down and abandoning module MagicLeapController (40)
[2020.03.31-10.01.38:873][555]LogSlate: Slate User Destroyed.  User Index 0, Is Virtual User: 0
[2020.03.31-10.01.38:873][555]LogModuleManager: Shutting down and abandoning module MagicLeap (38)
[2020.03.31-10.01.38:873][555]LogModuleManager: Shutting down and abandoning module AnimationModifiers (36)
[2020.03.31-10.01.38:873][555]LogModuleManager: Shutting down and abandoning module PropertyEditor (35)
[2020.03.31-10.01.38:873][555]LogModuleManager: Shutting down and abandoning module AudioEditor (32)
[2020.03.31-10.01.38:873][555]LogModuleManager: Shutting down and abandoning module TextureCompressor (30)
[2020.03.31-10.01.38:874][555]LogModuleManager: Shutting down and abandoning module ShaderCore (28)
[2020.03.31-10.01.38:874][555]LogModuleManager: Shutting down and abandoning module Landscape (26)
[2020.03.31-10.01.38:874][555]LogModuleManager: Shutting down and abandoning module SlateRHIRenderer (24)
[2020.03.31-10.01.38:874][555]LogModuleManager: Shutting down and abandoning module OpenGLDrv (22)
[2020.03.31-10.01.38:874][555]LogModuleManager: Shutting down and abandoning module D3D11RHI (20)
[2020.03.31-10.01.38:874][555]LogModuleManager: Shutting down and abandoning module AnimGraphRuntime (18)
[2020.03.31-10.01.38:874][555]LogModuleManager: Shutting down and abandoning module Renderer (16)
[2020.03.31-10.01.38:874][555]LogModuleManager: Shutting down and abandoning module Engine (14)
[2020.03.31-10.01.38:874][555]LogModuleManager: Shutting down and abandoning module CoreUObject (12)
[2020.03.31-10.01.38:874][555]LogModuleManager: Shutting down and abandoning module NetworkFile (10)
[2020.03.31-10.01.38:874][555]LogModuleManager: Shutting down and abandoning module CookedIterativeFile (8)
[2020.03.31-10.01.38:874][555]LogModuleManager: Shutting down and abandoning module StreamingFile (6)
[2020.03.31-10.01.38:875][555]LogModuleManager: Shutting down and abandoning module SandboxFile (4)
[2020.03.31-10.01.38:875][555]LogModuleManager: Shutting down and abandoning module PakFile (2)
[2020.03.31-10.01.38:895][555]LogExit: Exiting.
[2020.03.31-10.01.38:899][555]Log file closed, 03/31/20 19:01:38
