Log file open, 01/05/20 20:26:17
LogWindows: Failed to load 'aqProf.dll' (GetLastError=126)
LogWindows: File 'aqProf.dll' does not exist
LogWindows: Failed to load 'VtuneApi.dll' (GetLastError=126)
LogWindows: File 'VtuneApi.dll' does not exist
LogWindows: Failed to load 'VtuneApi32e.dll' (GetLastError=126)
LogWindows: File 'VtuneApi32e.dll' does not exist
LogInit: Display: Running engine for game: LudensVR_Project_01
LogPlatformFile: Not using cached read wrapper
LogTaskGraph: Started task graph with 5 named threads and 59 total threads with 3 sets of task threads.
LogStats: Stats thread started at 0.713617
LogD3D11RHI: Loaded GFSDK_Aftermath_Lib.x64.dll
LogICUInternationalization: Display: ICU TimeZone Detection - Raw Offset: +9:00, Platform Override: ''
LogPluginManager: Mounting plugin Paper2D
LogPluginManager: Mounting plugin AISupport
LogPluginManager: Mounting plugin LightPropagationVolume
LogPluginManager: Mounting plugin CLionSourceCodeAccess
LogPluginManager: Mounting plugin CodeLiteSourceCodeAccess
LogPluginManager: Mounting plugin GitSourceControl
LogPluginManager: Mounting plugin KDevelopSourceCodeAccess
LogPluginManager: Mounting plugin NullSourceCodeAccess
LogPluginManager: Mounting plugin PerforceSourceControl
LogPluginManager: Mounting plugin SubversionSourceControl
LogPluginManager: Mounting plugin UObjectPlugin
LogPluginManager: Mounting plugin VisualStudioCodeSourceCodeAccess
LogPluginManager: Mounting plugin VisualStudioSourceCodeAccess
LogPluginManager: Mounting plugin XCodeSourceCodeAccess
LogPluginManager: Mounting plugin AssetManagerEditor
LogPluginManager: Mounting plugin CryptoKeys
LogPluginManager: Mounting plugin DataValidation
LogPluginManager: Mounting plugin FacialAnimation
LogPluginManager: Mounting plugin GameplayTagsEditor
LogPluginManager: Mounting plugin MacGraphicsSwitching
LogPluginManager: Mounting plugin MeshEditor
LogPluginManager: Mounting plugin MobileLauncherProfileWizard
LogPluginManager: Mounting plugin PluginBrowser
LogPluginManager: Mounting plugin SpeedTreeImporter
LogPluginManager: Mounting plugin DatasmithContent
LogPluginManager: Mounting plugin AlembicImporter
LogPluginManager: Mounting plugin AppleImageUtils
LogPluginManager: Mounting plugin AppleVision
LogPluginManager: Mounting plugin BackChannel
LogPluginManager: Mounting plugin CharacterAI
LogPluginManager: Mounting plugin GeometryCache
LogPluginManager: Mounting plugin HTML5Networking
LogPluginManager: Mounting plugin ProxyLODPlugin
LogPluginManager: Mounting plugin MagicLeap
LogPluginManager: Mounting plugin MagicLeapEmulator
LogPluginManager: Mounting plugin MagicLeapMedia
LogPluginManager: Mounting plugin AndroidMedia
LogPluginManager: Mounting plugin AvfMedia
LogPluginManager: Mounting plugin ImgMedia
LogPluginManager: Mounting plugin LinearTimecode
LogPluginManager: Mounting plugin MediaCompositing
LogPluginManager: Mounting plugin MediaPlayerEditor
LogPluginManager: Mounting plugin WmfMedia
LogPluginManager: Mounting plugin TcpMessaging
LogPluginManager: Mounting plugin UdpMessaging
LogPluginManager: Mounting plugin ActorSequence
LogPluginManager: Mounting plugin LevelSequenceEditor
LogPluginManager: Mounting plugin MatineeToLevelSequence
LogPluginManager: Mounting plugin NetcodeUnitTest
LogPluginManager: Mounting plugin NUTUnrealEngine4
LogPluginManager: Mounting plugin OnlineSubsystemGooglePlay
LogPluginManager: Mounting plugin OnlineSubsystemIOS
LogPluginManager: Mounting plugin OnlineSubsystem
LogPluginManager: Mounting plugin OnlineSubsystemNull
LogPluginManager: Mounting plugin OnlineSubsystemUtils
LogPluginManager: Mounting plugin LauncherChunkInstaller
LogPluginManager: Mounting plugin AndroidDeviceProfileSelector
LogPluginManager: Mounting plugin AndroidMoviePlayer
LogPluginManager: Mounting plugin AndroidPermission
LogPluginManager: Mounting plugin AppleMoviePlayer
LogPluginManager: Mounting plugin ArchVisCharacter
LogPluginManager: Mounting plugin AudioCapture
LogPluginManager: Mounting plugin CableComponent
LogPluginManager: Mounting plugin CustomMeshComponent
LogPluginManager: Mounting plugin EditableMesh
LogPluginManager: Mounting plugin ExampleDeviceProfileSelector
LogPluginManager: Mounting plugin GoogleCloudMessaging
LogPluginManager: Mounting plugin ImmediatePhysics
LogPluginManager: Mounting plugin IOSDeviceProfileSelector
LogPluginManager: Mounting plugin LinuxDeviceProfileSelector
LogPluginManager: Mounting plugin LocationServicesBPLibrary
LogPluginManager: Mounting plugin MobilePatchingUtils
LogPluginManager: Mounting plugin OculusVR
LogPluginManager: Plugin shader directory ../../../Engine/Plugins/Runtime/Oculus/OculusVR/Shaders found
LogPluginManager: Mapping shader source directory ../../../Engine/Plugins/Runtime/Oculus/OculusVR/Shaders to virtual directory /Plugin/OculusVR
LogPluginManager: Mounting plugin PhysXVehicles
LogPluginManager: Mounting plugin ProceduralMeshComponent
LogPluginManager: Mounting plugin RuntimePhysXCooking
LogPluginManager: Mounting plugin SteamVR
LogPluginManager: Mounting plugin WindowsMoviePlayer
LogStreaming: Display: Took  0.175s to configure plugins.
LogInit: Using libcurl 7.55.1-DEV
LogInit:  - built for x86_64-pc-win32
LogInit:  - supports SSL with OpenSSL/1.0.2h
LogInit:  - supports HTTP deflate (compression) using libz 1.2.8
LogInit:  - other features:
LogInit:      CURL_VERSION_SSL
LogInit:      CURL_VERSION_LIBZ
LogInit:      CURL_VERSION_IPV6
LogInit:      CURL_VERSION_ASYNCHDNS
LogInit:      CURL_VERSION_LARGEFILE
LogInit:      CURL_VERSION_IDN
LogInit:  CurlRequestOptions (configurable via config and command line):
LogInit:  - bVerifyPeer = false  - Libcurl will NOT verify peer certificate
LogInit:  - bUseHttpProxy = false  - Libcurl will NOT use HTTP proxy
LogInit:  - bDontReuseConnections = false  - Libcurl will reuse connections
LogInit:  - CertBundlePath = nullptr  - Libcurl will use whatever was configured at build time.
LogInit:  - MaxHostConnections = 16  - Libcurl will limit the number of connections to a host
LogInit:  - LocalHostAddr = Default
LogInit:  - BufferSize = 65536
LogInit: WinSock: version 1.1 (2.2), MaxSocks=32767, MaxUdp=65467
LogInit: Build: ++UE4+Release-4.20-CL-4369336
LogInit: Engine Version: 4.20.3-4369336+++UE4+Release-4.20
LogInit: Compatible Engine Version: 4.20.0-4212847+++UE4+Release-4.20
LogInit: Net CL: 4212847
LogInit: OS: Windows 10 (), CPU: Intel(R) Xeon(R) CPU E5-2640 v4 @ 2.40GHz, GPU: NVIDIA Quadro M4000
LogInit: Compiled (64-bit): Sep 17 2018 12:26:19
LogInit: Compiled with Visual C++: 19.13.26129.00
LogInit: Build Configuration: Development
LogInit: Branch Name: ++UE4+Release-4.20
LogInit: Command Line:  -skipcompile
LogInit: Base Directory: D:/Epic Games/UE_4.20/Engine/Binaries/Win64/
LogInit: Installed Engine Build: 1
LogDevObjectVersion: Number of dev versions registered: 20
LogDevObjectVersion:   Dev-Blueprints (B0D832E4-1F89-4F0D-ACCF-7EB736FD4AA2): 10
LogDevObjectVersion:   Dev-Build (E1C64328-A22C-4D53-A36C-8E866417BD8C): 0
LogDevObjectVersion:   Dev-Core (375EC13C-06E4-48FB-B500-84F0262A717E): 2
LogDevObjectVersion:   Dev-Editor (E4B068ED-F494-42E9-A231-DA0B2E46BB41): 24
LogDevObjectVersion:   Dev-Framework (CFFC743F-43B0-4480-9391-14DF171D2073): 34
LogDevObjectVersion:   Dev-Mobile (B02B49B5-BB20-44E9-A304-32B752E40360): 2
LogDevObjectVersion:   Dev-Networking (A4E4105C-59A1-49B5-A7C5-40C4547EDFEE): 0
LogDevObjectVersion:   Dev-Online (39C831C9-5AE6-47DC-9A44-9C173E1C8E7C): 0
LogDevObjectVersion:   Dev-Physics (78F01B33-EBEA-4F98-B9B4-84EACCB95AA2): 0
LogDevObjectVersion:   Dev-Platform (6631380F-2D4D-43E0-8009-CF276956A95A): 0
LogDevObjectVersion:   Dev-Rendering (12F88B9F-8875-4AFC-A67C-D90C383ABD29): 26
LogDevObjectVersion:   Dev-Sequencer (7B5AE74C-D270-4C10-A958-57980B212A5A): 9
LogDevObjectVersion:   Dev-VR (D7296918-1DD6-4BDD-9DE2-64A83CC13884): 2
LogDevObjectVersion:   Dev-LoadTimes (C2A15278-BFE7-4AFE-6C17-90FF531DF755): 1
LogDevObjectVersion:   Private-Geometry (6EACA3D4-40EC-4CC1-B786-8BED09428FC5): 3
LogDevObjectVersion:   Dev-AnimPhys (29E575DD-E0A3-4627-9D10-D276232CDCEA): 17
LogDevObjectVersion:   Dev-ReflectionCapture (6B266CEC-1EC7-4B8F-A30B-E4D90942FC07): 1
LogDevObjectVersion:   Dev-Automation (0DF73D61-A23F-47EA-B727-89E90C41499A): 1
LogDevObjectVersion:   FortniteMain (601D1886-AC64-4F84-AA16-D3DE0DEAC7D6): 12
LogDevObjectVersion:   Dev-Enterprise (9DFFBCD6-494F-0158-E221-12823C92A888): 1
LogStreaming: Display: Took  0.002s to delete old logs.
LogInit: Presizing for max 8388607 objects, including 0 objects not considered by GC, pre-allocating 0 bytes for permanent pool.
LogInit: Object subsystem initialized
[2020.01.05-11.26.17:508][  0]LogInit: Selected Device Profile: [Windows]
[2020.01.05-11.26.17:508][  0]LogInit: Applying CVar settings loaded from the selected device profile: [Windows]
[2020.01.05-11.26.17:519][  0]LogHAL: Display: Platform has ~ 64 GB [68637433856 / 68719476736 / 64], which maps to Largest [LargestMinGB=32, LargerMinGB=12, DefaultMinGB=8, SmallerMinGB=6, SmallestMinGB=0)
[2020.01.05-11.26.17:519][  0]LogInit: Setting Device Profile CVar: [[r.Vulkan.UseRealUBs:1]]
[2020.01.05-11.26.17:519][  0]LogInit: Going up to parent DeviceProfile []
[2020.01.05-11.26.17:520][  0]LogInit: Computer: 3DCL-MARS
[2020.01.05-11.26.17:520][  0]LogInit: User: 3DCLGamma
[2020.01.05-11.26.17:520][  0]LogInit: CPU Page size=4096, Cores=10
[2020.01.05-11.26.17:520][  0]LogInit: High frequency timer resolution =10.000000 MHz
[2020.01.05-11.26.17:520][  0]LogMemory: Memory total: Physical=63.9GB (64GB approx)
[2020.01.05-11.26.17:520][  0]LogMemory: Platform Memory Stats for Windows
[2020.01.05-11.26.17:520][  0]LogMemory: Process Physical Memory: 112.88 MB used, 112.88 MB peak
[2020.01.05-11.26.17:520][  0]LogMemory: Process Virtual Memory: 100.71 MB used, 100.71 MB peak
[2020.01.05-11.26.17:520][  0]LogMemory: Physical Memory: 13325.63 MB used,  52132.13 MB free, 65457.76 MB total
[2020.01.05-11.26.17:520][  0]LogMemory: Virtual Memory: 4706.70 MB used,  52132.13 MB free, 134217728.00 MB total
[2020.01.05-11.26.17:549][  0]LogInit: Using OS detected language (ko-KR).
[2020.01.05-11.26.17:549][  0]LogInit: Using OS detected locale (ko-KR).
[2020.01.05-11.26.17:550][  0]LogTextLocalizationManager: No specific localization for 'ko-KR' exists, so the 'ko' localization will be used.
[2020.01.05-11.26.18:001][  0]LogStreaming: Display: Took  0.453s to InitEngineTextLocalization.
[2020.01.05-11.26.18:002][  0]LogInit: Setting process to per monitor DPI aware
[2020.01.05-11.26.18:077][  0]LogSlate: New Slate User Created.  User Index 0, Is Virtual User: 0
[2020.01.05-11.26.18:077][  0]LogSlate: Slate User Registered.  User Index 0, Is Virtual User: 0
[2020.01.05-11.26.18:681][  0]LogD3D11RHI: D3D11 adapters:
[2020.01.05-11.26.18:773][  0]LogD3D11RHI:    0. 'NVIDIA Quadro M4000' (Feature Level 11_0)
[2020.01.05-11.26.18:773][  0]LogD3D11RHI:       8144/0/32728 MB DedicatedVideo/DedicatedSystem/SharedSystem, Outputs:2, VendorId:0x10de
[2020.01.05-11.26.18:777][  0]LogD3D11RHI:    1. 'Microsoft Basic Render Driver' (Feature Level 11_0)
[2020.01.05-11.26.18:777][  0]LogD3D11RHI:       0/0/32728 MB DedicatedVideo/DedicatedSystem/SharedSystem, Outputs:0, VendorId:0x1414
[2020.01.05-11.26.18:777][  0]LogD3D11RHI: Chosen D3D11 Adapter: 0
[2020.01.05-11.26.18:787][  0]LogD3D11RHI: Creating new Direct3DDevice
[2020.01.05-11.26.18:788][  0]LogD3D11RHI:     GPU DeviceId: 0x13f1 (for the marketing name, search the web for "GPU Device Id")
[2020.01.05-11.26.18:788][  0]LogWindows: EnumDisplayDevices:
[2020.01.05-11.26.18:788][  0]LogWindows:    0. 'NVIDIA Quadro M4000' (P:0 D:1)
[2020.01.05-11.26.18:789][  0]LogWindows:    1. 'NVIDIA Quadro M4000' (P:1 D:1)
[2020.01.05-11.26.18:790][  0]LogWindows:    2. 'NVIDIA Quadro M4000' (P:0 D:0)
[2020.01.05-11.26.18:791][  0]LogWindows:    3. 'NVIDIA Quadro M4000' (P:0 D:0)
[2020.01.05-11.26.18:791][  0]LogWindows: DebugString: FoundDriverCount:4 
[2020.01.05-11.26.18:791][  0]LogD3D11RHI:     Adapter Name: NVIDIA Quadro M4000
[2020.01.05-11.26.18:792][  0]LogD3D11RHI:   Driver Version: 416.78 (internal:25.21.14.1678, unified:416.78)
[2020.01.05-11.26.18:792][  0]LogD3D11RHI:      Driver Date: 11-1-2018
[2020.01.05-11.26.18:792][  0]LogRHI: Texture pool is 5701 MB (70% of 8144 MB)
[2020.01.05-11.26.18:852][  0]LogD3D11RHI: Async texture creation enabled
[2020.01.05-11.26.18:872][  0]LogD3D11RHI: GPU Timing Frequency: 1000.000000 (Debug: 2 2)
[2020.01.05-11.26.18:881][  0]LogShaderCompilers: Guid format shader working directory is -16 characters bigger than the processId version (../../../../../Mars_GitHub/LudensVR_Project_02/LudensVR_Project_02/Intermediate/Shaders/WorkingDirectory/36944/).
[2020.01.05-11.26.18:882][  0]LogShaderCompilers: Cleaned the shader compiler working directory 'C:/Users/3DCL_Gamma/AppData/Local/Temp/UnrealShaderWorkingDir/B608A1A7412273746FAEA38505FC34D6/'.
[2020.01.05-11.26.19:324][  0]LogTemp: Display: Loaded TP AllDesktopTargetPlatform
[2020.01.05-11.26.19:343][  0]LogTemp: Display: Loaded TP MacClientTargetPlatform
[2020.01.05-11.26.19:362][  0]LogTemp: Display: Loaded TP MacNoEditorTargetPlatform
[2020.01.05-11.26.19:382][  0]LogTemp: Display: Loaded TP MacServerTargetPlatform
[2020.01.05-11.26.19:401][  0]LogTemp: Display: Loaded TP MacTargetPlatform
[2020.01.05-11.26.19:420][  0]LogTemp: Display: Loaded TP WindowsClientTargetPlatform
[2020.01.05-11.26.19:438][  0]LogTemp: Display: Loaded TP WindowsNoEditorTargetPlatform
[2020.01.05-11.26.19:457][  0]LogTemp: Display: Loaded TP WindowsServerTargetPlatform
[2020.01.05-11.26.19:465][  0]LogTemp: Display: Loaded TP WindowsTargetPlatform
[2020.01.05-11.26.19:570][  0]LogTemp: Display: Loaded TP AndroidTargetPlatform
[2020.01.05-11.26.19:570][  0]LogTemp: Display: Loaded TP AndroidTargetPlatform
[2020.01.05-11.26.19:570][  0]LogTemp: Display: Loaded TP AndroidTargetPlatform
[2020.01.05-11.26.19:570][  0]LogTemp: Display: Loaded TP AndroidTargetPlatform
[2020.01.05-11.26.19:571][  0]LogTemp: Display: Loaded TP AndroidTargetPlatform
[2020.01.05-11.26.19:571][  0]LogTemp: Display: Loaded TP AndroidTargetPlatform
[2020.01.05-11.26.19:571][  0]LogTemp: Display: Loaded TP AndroidTargetPlatform
[2020.01.05-11.26.19:571][  0]LogTemp: Display: Loaded TP AndroidTargetPlatform
[2020.01.05-11.26.19:571][  0]LogTemp: Display: Loaded TP AndroidTargetPlatform
[2020.01.05-11.26.19:571][  0]LogTemp: Display: Loaded TP AndroidTargetPlatform
[2020.01.05-11.26.19:571][  0]LogTemp: Display: Loaded TP AndroidTargetPlatform
[2020.01.05-11.26.19:571][  0]LogTemp: Display: Loaded TP AndroidTargetPlatform
[2020.01.05-11.26.19:571][  0]LogTemp: Display: Loaded TP AndroidTargetPlatform
[2020.01.05-11.26.19:571][  0]LogTemp: Display: Loaded TP AndroidTargetPlatform
[2020.01.05-11.26.19:571][  0]LogTemp: Display: Loaded TP AndroidTargetPlatform
[2020.01.05-11.26.19:571][  0]LogTemp: Display: Loaded TP AndroidTargetPlatform
[2020.01.05-11.26.19:571][  0]LogTemp: Display: Loaded TP AndroidTargetPlatform
[2020.01.05-11.26.19:571][  0]LogTemp: Display: Loaded TP AndroidTargetPlatform
[2020.01.05-11.26.19:573][  0]LogTemp: Display: Loaded TP HTML5TargetPlatform
[2020.01.05-11.26.19:646][  0]LogTemp: Display: Loaded TP IOSTargetPlatform
[2020.01.05-11.26.19:646][  0]LogTemp: Display: Loaded TP IOSTargetPlatform
[2020.01.05-11.26.19:679][  0]LogTemp: Display: Loaded TP TVOSTargetPlatform
[2020.01.05-11.26.19:679][  0]LogTemp: Display: Loaded TP TVOSTargetPlatform
[2020.01.05-11.26.19:697][  0]LogTemp: Display: Loaded TP LinuxClientTargetPlatform
[2020.01.05-11.26.19:715][  0]LogTemp: Display: Loaded TP LinuxNoEditorTargetPlatform
[2020.01.05-11.26.19:733][  0]LogTemp: Display: Loaded TP LinuxServerTargetPlatform
[2020.01.05-11.26.19:752][  0]LogTemp: Display: Loaded TP LinuxTargetPlatform
[2020.01.05-11.26.19:764][  0]LogTemp: Display: Loaded TP LuminTargetPlatform
[2020.01.05-11.26.19:765][  0]LogTargetPlatformManager: Display: Building Assets For Windows
[2020.01.05-11.26.19:845][  0]LogXGEController: Cannot use XGE Controller as Incredibuild is not installed on this machine.
[2020.01.05-11.26.19:846][  0]LogShaderCompilers: Cannot use XGE Shader Compiler as Incredibuild is not installed on this machine.
[2020.01.05-11.26.19:846][  0]LogShaderCompilers: Display: Using Local Shader Compiler.
[2020.01.05-11.26.20:992][  0]LogDerivedDataCache: Display: Max Cache Size: 512 MB
[2020.01.05-11.26.21:121][  0]LogDerivedDataCache: Loaded boot cache 0.13s 113MB C:/Users/3DCL_Gamma/AppData/Local/UnrealEngine/4.20/DerivedDataCache/Boot.ddc.
[2020.01.05-11.26.21:121][  0]LogDerivedDataCache: Display: Loaded Boot cache: C:/Users/3DCL_Gamma/AppData/Local/UnrealEngine/4.20/DerivedDataCache/Boot.ddc
[2020.01.05-11.26.21:121][  0]LogDerivedDataCache: FDerivedDataBackendGraph:  Pak pak cache file ../../../../../Mars_GitHub/LudensVR_Project_02/LudensVR_Project_02/DerivedDataCache/DDC.ddp not found, will not use a pak cache.
[2020.01.05-11.26.21:121][  0]LogDerivedDataCache: Unable to find inner node Pak for hierarchical cache Hierarchy.
[2020.01.05-11.26.21:121][  0]LogDerivedDataCache: FDerivedDataBackendGraph:  CompressedPak pak cache file ../../../../../Mars_GitHub/LudensVR_Project_02/LudensVR_Project_02/DerivedDataCache/Compressed.ddp not found, will not use a pak cache.
[2020.01.05-11.26.21:121][  0]LogDerivedDataCache: Unable to find inner node CompressedPak for hierarchical cache Hierarchy.
[2020.01.05-11.26.21:141][  0]LogDerivedDataCache: Display: Pak cache opened for reading ../../../Engine/DerivedDataCache/Compressed.ddp.
[2020.01.05-11.26.21:155][  0]LogDerivedDataCache: Using Local data cache path C:/Users/3DCL_Gamma/AppData/Local/UnrealEngine/Common/DerivedDataCache: Writable
[2020.01.05-11.26.21:155][  0]LogDerivedDataCache: Shared data cache path not found in *engine.ini, will not use an Shared cache.
[2020.01.05-11.26.21:155][  0]LogDerivedDataCache: Unable to find inner node Shared for hierarchical cache Hierarchy.
[2020.01.05-11.26.21:178][  0]LogMaterial: Verifying Global Shaders for PCD3D_SM5
[2020.01.05-11.26.21:180][  0]LogSlate: Using FreeType 2.6.0
[2020.01.05-11.26.21:182][  0]LogSlate: SlateFontServices - WITH_FREETYPE: 1, WITH_HARFBUZZ: 1
[2020.01.05-11.26.21:318][  0]LogAssetRegistry: FAssetRegistry took 0.0276 seconds to start up
[2020.01.05-11.26.21:750][  0]LogAssetRegistry: Error: Failed to open file for write ../../../../../Mars_GitHub/LudensVR_Project_02/LudensVR_Project_02/Intermediate/CachedAssetRegistry.bin
[2020.01.05-11.26.21:750][  0]LogInit: Selected Device Profile: [Windows]
[2020.01.05-11.26.21:922][  0]LogSimplygon: Simplygon DLL not present - disabling.
[2020.01.05-11.26.21:926][  0]LogMeshReduction: Using SimplygonSwarm for distributed automatic mesh merging
[2020.01.05-11.26.21:926][  0]LogMeshReduction: Using ProxyLODMeshReduction for automatic mesh merging
[2020.01.05-11.26.21:926][  0]LogMeshReduction: Using QuadricMeshReduction for automatic static mesh reduction
[2020.01.05-11.26.21:926][  0]LogMeshReduction: No automatic skeletal mesh reduction module available
[2020.01.05-11.26.21:967][  0]LogNetVersion: LudensVR_Project_01 1.0.0, NetCL: 4212847, EngineNetVer: 5, GameNetVer: 0 (Checksum: 3183368189)
[2020.01.05-11.26.22:607][  0]LogPackageLocalizationCache: Processed 11 localized package path(s) for 2 prioritized culture(s) in 0.109468 seconds
[2020.01.05-11.26.22:614][  0]LogUObjectArray: 38425 objects as part of root set at end of initial load.
[2020.01.05-11.26.22:614][  0]LogUObjectAllocator: 6690872 out of 0 bytes used by permanent object pool.
[2020.01.05-11.26.22:614][  0]LogUObjectArray: CloseDisregardForGC: 0/0 objects in disregard for GC pool
[2020.01.05-11.26.24:169][  0]LogTcpMessaging: Initializing TcpMessaging bridge
[2020.01.05-11.26.24:182][  0]LogUdpMessaging: Initializing bridge on interface 0.0.0.0:0 to multicast group 230.0.0.1:6666.
[2020.01.05-11.26.25:259][  0]SourceControl: 소스 컨트롤이 꺼졌습니다.
[2020.01.05-11.26.25:259][  0]SourceControl: 소스 컨트롤이 꺼졌습니다.
[2020.01.05-11.26.25:261][  0]SourceControl: 소스 컨트롤이 꺼졌습니다.
[2020.01.05-11.26.25:262][  0]SourceControl: 소스 컨트롤이 꺼졌습니다.
[2020.01.05-11.26.25:469][  0]LogAndroidPermission: UAndroidPermissionCallbackProxy::GetInstance
[2020.01.05-11.26.25:700][  0]LogOcInput: OculusInput pre-init called
[2020.01.05-11.26.25:775][  0]LogEngine: Initializing Engine...
[2020.01.05-11.26.25:777][  0]LogHMD: Oculus plugin initialized. Version: 4.20.3-4369336+++UE4+Release-4.20, OVRPlugin: 1.25.0
[2020.01.05-11.26.25:785][  0]LogStats: UGameplayTagsManager::ConstructGameplayTagTree: ImportINI prefixes -  0.000 s
[2020.01.05-11.26.25:785][  0]LogStats: UGameplayTagsManager::ConstructGameplayTagTree: Construct from data asset -  0.000 s
[2020.01.05-11.26.25:785][  0]LogStats: UGameplayTagsManager::ConstructGameplayTagTree: ImportINI -  0.000 s
[2020.01.05-11.26.25:785][  0]LogStats: UGameplayTagsManager::ConstructGameplayTagTree: GameplayTagTreeChangedEvent.Broadcast -  0.000 s
[2020.01.05-11.26.26:048][  0]LogInit: Initializing FReadOnlyCVARCache
[2020.01.05-11.26.26:064][  0]LogAIModule: Creating AISystem for world Untitled
[2020.01.05-11.26.26:147][  0]LogInit: XAudio2 using '스피커 / 헤드폰(Realtek Audio)' : 2 channels at 48 kHz using 32 bits per sample (channel mask 0x3)
[2020.01.05-11.26.26:227][  0]LogInit: FAudioDevice initialized.
[2020.01.05-11.26.26:228][  0]LogNetVersion: Set ProjectVersion to 1.0.0.0. Version Checksum will be recalculated on next use.
[2020.01.05-11.26.26:330][  0]LogDerivedDataCache: Saved boot cache 0.10s 113MB C:/Users/3DCL_Gamma/AppData/Local/UnrealEngine/4.20/DerivedDataCache/Boot.ddc.
[2020.01.05-11.26.26:337][  0]LogInit: Texture streaming: Enabled
[2020.01.05-11.26.26:359][  0]LogEngineSessionManager: EngineSessionManager initialized
[2020.01.05-11.26.26:379][  0]LogInit: Transaction tracking system initialized
[2020.01.05-11.26.26:411][  0]BlueprintLog: New page: 에디터 로드
[2020.01.05-11.26.26:531][  0]LocalizationService: 현지화 서비스가 비활성화되었습니다.
[2020.01.05-11.26.26:594][  0]LogLinker: Warning: '/Game/SciFi_Weapons/Tutorial' 파일을 찾을 수 없습니다.
[2020.01.05-11.26.26:594][  0]LogLinker: Warning: '/Game/SciFi_Weapons/Tutorial' 파일을 찾을 수 없습니다.
[2020.01.05-11.26.26:594][  0]LogUObjectGlobals: Warning: 'Class /Game/SciFi_Weapons/Tutorial.Tutorial_C' 오브젝트를 찾는 데 실패했습니다.
[2020.01.05-11.26.26:840][  0]LogCook: Display: Max memory allowance for cook 16384mb min free memory 0mb
[2020.01.05-11.26.26:840][  0]LogCook: Display: Mobile HDR setting 1
[2020.01.05-11.26.26:840][  0]LogGameplayTags: Display: UGameplayTagsManager::DoneAddingNativeTags. DelegateIsBound: 0
[2020.01.05-11.26.26:840][  0]LogStats: UGameplayTagsManager::ConstructGameplayTagTree: ImportINI prefixes -  0.000 s
[2020.01.05-11.26.26:840][  0]LogStats: UGameplayTagsManager::ConstructGameplayTagTree: Construct from data asset -  0.000 s
[2020.01.05-11.26.26:840][  0]LogStats: UGameplayTagsManager::ConstructGameplayTagTree: ImportINI -  0.000 s
[2020.01.05-11.26.26:840][  0]LogStats: UGameplayTagsManager::ConstructGameplayTagTree: GameplayTagTreeChangedEvent.Broadcast -  0.000 s
[2020.01.05-11.26.26:992][  0]LogFileCache: Scanning file cache for directory 'D:/Mars_GitHub/LudensVR_Project_02/LudensVR_Project_02/Content/' took 0.04s
[2020.01.05-11.26.26:992][  0]SourceControl: 소스 컨트롤이 꺼졌습니다.
[2020.01.05-11.26.26:992][  0]Cmd: MAP LOAD FILE="../../../../../Mars_GitHub/LudensVR_Project_02/LudensVR_Project_02/Content/Map/Natalis_Map_01.umap" TEMPLATE=0 SHOWPROGRESS=1 FEATURELEVEL=3
[2020.01.05-11.26.26:993][  0]LightingResults: New page: 라이팅 빌드
[2020.01.05-11.26.26:996][  0]MapCheck: New page: 맵 체크
[2020.01.05-11.26.26:996][  0]LightingResults: New page: 라이팅 빌드
[2020.01.05-11.26.30:789][  0]LogAIModule: Creating AISystem for world Natalis_Map_01
[2020.01.05-11.26.30:847][  0]LogEditorServer: Finished looking for orphan Actors (0.000 secs)
[2020.01.05-11.26.30:895][  0]Cmd: MAP CHECKDEP NOCLEARLOG
[2020.01.05-11.26.31:547][  0]MapCheck: 맵 체크 완료: 오류 0 회, 경고 0 회, 소요 시간 650.883ms.
[2020.01.05-11.26.31:547][  0]LogFileHelpers: Loading map 'Natalis_Map_01' took 4.555
[2020.01.05-11.26.31:693][  0]LogSlate: Updating window title bar state: overlay mode, drag disabled, window buttons hidden, title bar hidden
[2020.01.05-11.26.31:703][  0]LogSlate: Updating window title bar state: overlay mode, drag disabled, window buttons hidden, title bar hidden
[2020.01.05-11.26.31:711][  0]LogCollectionManager: Loaded 0 collections in 0.002203 seconds
[2020.01.05-11.26.31:771][  0]LogFileCache: Scanning file cache for directory 'D:/Mars_GitHub/LudensVR_Project_02/LudensVR_Project_02/Saved/Collections/' took 0.01s
[2020.01.05-11.26.31:771][  0]LogFileCache: Scanning file cache for directory 'D:/Mars_GitHub/LudensVR_Project_02/LudensVR_Project_02/Content/Developers/3DCLGamma/Collections/' took 0.01s
[2020.01.05-11.26.31:771][  0]LogFileCache: Scanning file cache for directory 'D:/Mars_GitHub/LudensVR_Project_02/LudensVR_Project_02/Content/Collections/' took 0.01s
[2020.01.05-11.26.31:771][  0]LogCollectionManager: Rebuilt the GUID cache for 0 collections in 0.000000 seconds
[2020.01.05-11.26.31:783][  0]LogContentBrowser: Native class hierarchy populated in 0.0116 seconds. Added 2597 classes and 607 folders.
[2020.01.05-11.26.31:790][  0]LogContentBrowser: Native class hierarchy updated for 'WidgetCarousel' in 0.0004 seconds. Added 0 classes and 0 folders.
[2020.01.05-11.26.31:883][  0]LogContentBrowser: Native class hierarchy updated for 'AddContentDialog' in 0.0004 seconds. Added 0 classes and 0 folders.
[2020.01.05-11.26.31:891][  0]LogContentBrowser: Native class hierarchy updated for 'SceneOutliner' in 0.0005 seconds. Added 1 classes and 2 folders.
[2020.01.05-11.26.31:913][  0]LogSlate: Took 0.000519 seconds to synchronously load lazily loaded font '../../../Engine/Content/Slate/Fonts/Roboto-Regular.ttf' (155K)
[2020.01.05-11.26.31:918][  0]LogSlate: Took 0.003940 seconds to synchronously load lazily loaded font '../../../Engine/Content/Editor/Slate/Fonts/NanumGothic.ttf' (4243K)
[2020.01.05-11.26.31:922][  0]LogSlate: Took 0.003456 seconds to synchronously load lazily loaded font '../../../Engine/Content/Editor/Slate/Fonts/NanumGothicBold.ttf' (4188K)
[2020.01.05-11.26.31:923][  0]LogSlate: Took 0.000390 seconds to synchronously load lazily loaded font '../../../Engine/Content/Slate/Fonts/Roboto-Bold.ttf' (160K)
[2020.01.05-11.26.31:927][  0]LogSlate: Took 0.000396 seconds to synchronously load lazily loaded font '../../../Engine/Content/Editor/Slate/Fonts/FontAwesome.ttf' (139K)
[2020.01.05-11.26.32:037][  0]LogRenderer: Reallocating scene render targets to support 544x332 Format 10 NumSamples 1 (Frame:1).
[2020.01.05-11.26.32:118][  0]LogRenderer: Reallocating scene render targets to support 1084x660 Format 26 NumSamples 1 (Frame:1).
[2020.01.05-11.26.32:181][  0]LogSlate: Took 0.000484 seconds to synchronously load lazily loaded font '../../../Engine/Content/Slate/Fonts/Roboto-Light.ttf' (167K)
[2020.01.05-11.26.32:301][  0]LogContentBrowser: Native class hierarchy updated for 'HierarchicalLODOutliner' in 0.0004 seconds. Added 0 classes and 0 folders.
[2020.01.05-11.26.32:301][  0]LogLoad: (Engine Initialization) Total time: 17.88 seconds
[2020.01.05-11.26.32:302][  0]LogLoad: (Engine Initialization) Total Blueprint compile time: 0.00 seconds
[2020.01.05-11.26.32:318][  0]LogCollectionManager: Rebuilt the object cache for 0 collections in 0.000000 seconds (found 0 objects)
[2020.01.05-11.26.32:348][  0]LogOcInput: OculusInput is initialized
[2020.01.05-11.26.32:404][  0]LogContentStreaming: Texture pool size now 1000 MB
[2020.01.05-11.26.32:610][  4]LogAssetRegistry: Asset discovery search completed in 11.3141 seconds
[2020.01.05-11.26.32:612][  4]LogCollectionManager: Fixed up redirectors for 0 collections in 0.000005 seconds (updated 0 objects)
[2020.01.05-11.26.36:138][ 15]LogSlate: FSceneViewport::OnFocusLost() reason 0
[2020.01.05-11.26.36:291][ 17]LogTemp: Repeating last play command: VR 프리뷰
[2020.01.05-11.26.36:312][ 17]LogPlayLevel: PlayLevel: No blueprints needed recompiling
[2020.01.05-11.26.36:312][ 17]LogHMD: Initializing OVRPlugin session
[2020.01.05-11.26.38:686][ 17]PIE: New page: PIE 세션: Natalis_Map_01 (2020. 1. 6. 오전 5:26:38)
[2020.01.05-11.26.38:687][ 17]LogPlayLevel: Creating play world package: /Game/Map/UEDPIE_0_Natalis_Map_01
[2020.01.05-11.26.38:767][ 17]LogPlayLevel: PIE: StaticDuplicateObject took: (0.080512s)
[2020.01.05-11.26.38:768][ 17]LogAIModule: Creating AISystem for world Natalis_Map_01
[2020.01.05-11.26.38:768][ 17]LogPlayLevel: PIE: World Init took: (0.000939s)
[2020.01.05-11.26.38:768][ 17]LogPlayLevel: PIE: Created PIE world by copying editor world from /Game/Map/Natalis_Map_01.Natalis_Map_01 to /Game/Map/UEDPIE_0_Natalis_Map_01.Natalis_Map_01 (0.081858s)
[2020.01.05-11.26.38:898][ 17]LogInit: XAudio2 using '헤드폰(Rift Audio)' : 2 channels at 48 kHz using 16 bits per sample (channel mask 0x3)
[2020.01.05-11.26.38:928][ 17]LogInit: FAudioDevice initialized.
[2020.01.05-11.26.38:977][ 17]LogSlate: Updating window title bar state: overlay mode, drag disabled, window buttons hidden, title bar hidden
[2020.01.05-11.26.39:102][ 17]LogHMD: Allocating Oculus 2720 x 1600 rendertarget swapchain
[2020.01.05-11.26.39:145][ 17]LogLoad: Game class is 'TP_VRGameModeBaseCPP'
[2020.01.05-11.26.39:178][ 17]LogWorld: Bringing World /Game/Map/UEDPIE_0_Natalis_Map_01.Natalis_Map_01 up for play (max tick rate 0) at 2020.01.05-20.26.39
[2020.01.05-11.26.39:184][ 17]LogWorld: Bringing up level for play took: 0.037181
[2020.01.05-11.26.39:206][ 17]LogContentBrowser: Native class hierarchy updated for 'MovieSceneCapture' in 0.0006 seconds. Added 10 classes and 0 folders.
[2020.01.05-11.26.39:213][ 17]LogSlate: New Slate User Created.  User Index 8, Is Virtual User: 1
[2020.01.05-11.26.39:213][ 17]LogSlate: Slate User Registered.  User Index 8, Is Virtual User: 1
[2020.01.05-11.26.40:001][ 17]LogStats: FPlatformStackWalk::StackWalkAndDump -  0.788 s
[2020.01.05-11.26.40:001][ 17]LogOutputDevice: Error: === Handled ensure: ===
[2020.01.05-11.26.40:001][ 17]LogOutputDevice: Error: 
[2020.01.05-11.26.40:001][ 17]LogOutputDevice: Error: Ensure condition failed: !RotationQuat.ContainsNaN() [File:D:\Build\++UE4\Sync\Engine\Source\Runtime\Core\Private\Math\UnrealMath.cpp] [Line: 448]
[2020.01.05-11.26.40:001][ 17]LogOutputDevice: Error: Invalid input to FRotator::Quaternion - generated NaN output: X=nan Y=nan Z=nan W=-nan(ind)
[2020.01.05-11.26.40:001][ 17]LogOutputDevice: Error: Stack: 
[2020.01.05-11.26.40:001][ 17]LogOutputDevice: Error: [Callstack] 0x00007ffaa0ce71f6 UE4Editor-Core.dll!FWindowsPlatformStackWalk::StackWalkAndDump() [d:\build\++ue4\sync\engine\source\runtime\core\private\windows\windowsplatformstackwalk.cpp:236]
[2020.01.05-11.26.40:001][ 17]LogOutputDevice: Error: [Callstack] 0x00007ffaa0a20c92 UE4Editor-Core.dll!FDebug::EnsureFailed() [d:\build\++ue4\sync\engine\source\runtime\core\private\misc\assertionmacros.cpp:305]
[2020.01.05-11.26.40:001][ 17]LogOutputDevice: Error: [Callstack] 0x00007ffaa0a3b356 UE4Editor-Core.dll!FDebug::OptionallyLogFormattedEnsureMessageReturningFalseImpl() [d:\build\++ue4\sync\engine\source\runtime\core\private\misc\assertionmacros.cpp:439]
[2020.01.05-11.26.40:001][ 17]LogOutputDevice: Error: [Callstack] 0x00007ffaa0a4036c UE4Editor-Core.dll!FRotator::Quaternion() [d:\build\++ue4\sync\engine\source\runtime\core\private\math\unrealmath.cpp:448]
[2020.01.05-11.26.40:001][ 17]LogOutputDevice: Error: [Callstack] 0x00007ffa83b1d627 UE4Editor-Engine.dll!USceneComponent::SetRelativeRotation() [d:\build\++ue4\sync\engine\source\runtime\engine\private\components\scenecomponent.cpp:1257]
[2020.01.05-11.26.40:001][ 17]LogOutputDevice: Error: [Callstack] 0x00007ffa7b52cbc6 UE4Editor-LudensVR_Project_01-1274.dll!ATP_MotionController::SetupRoomScaleOutline() [d:\mars_github\ludensvr_project_02\ludensvr_project_02\source\ludensvr_project_01\tp_motioncontroller.cpp:786]
[2020.01.05-11.26.40:001][ 17]LogOutputDevice: Error: [Callstack] 0x00007ffa7b52a1e7 UE4Editor-LudensVR_Project_01-1274.dll!ATP_MotionController::BeginPlay() [d:\mars_github\ludensvr_project_02\ludensvr_project_02\source\ludensvr_project_01\tp_motioncontroller.cpp:257]
[2020.01.05-11.26.40:001][ 17]LogOutputDevice: Error: [Callstack] 0x00007ffa8362a752 UE4Editor-Engine.dll!AActor::DispatchBeginPlay() [d:\build\++ue4\sync\engine\source\runtime\engine\private\actor.cpp:3210]
[2020.01.05-11.26.40:001][ 17]LogOutputDevice: Error: [Callstack] 0x00007ffa83653d4c UE4Editor-Engine.dll!AActor::PostActorConstruction() [d:\build\++ue4\sync\engine\source\runtime\engine\private\actor.cpp:3075]
[2020.01.05-11.26.40:001][ 17]LogOutputDevice: Error: [Callstack] 0x00007ffa8363892f UE4Editor-Engine.dll!AActor::FinishSpawning() [d:\build\++ue4\sync\engine\source\runtime\engine\private\actor.cpp:2974]
[2020.01.05-11.26.40:001][ 17]LogOutputDevice: Error: [Callstack] 0x00007ffa7b569508 UE4Editor-LudensVR_Project_01-1274.dll!ALV_VirtualRealityCharacter::BeginPlay() [d:\mars_github\ludensvr_project_02\ludensvr_project_02\source\ludensvr_project_01\private\lv_virtualrealitycharacter.cpp:127]
[2020.01.05-11.26.40:001][ 17]LogOutputDevice: Error: [Callstack] 0x00007ffa8362a752 UE4Editor-Engine.dll!AActor::DispatchBeginPlay() [d:\build\++ue4\sync\engine\source\runtime\engine\private\actor.cpp:3210]
[2020.01.05-11.26.40:001][ 17]LogOutputDevice: Error: [Callstack] 0x00007ffa84985119 UE4Editor-Engine.dll!AWorldSettings::NotifyBeginPlay() [d:\build\++ue4\sync\engine\source\runtime\engine\private\worldsettings.cpp:230]
[2020.01.05-11.26.40:001][ 17]LogOutputDevice: Error: [Callstack] 0x00007ffa83d43d51 UE4Editor-Engine.dll!AGameStateBase::HandleBeginPlay() [d:\build\++ue4\sync\engine\source\runtime\engine\private\gamestatebase.cpp:177]
[2020.01.05-11.26.40:001][ 17]LogOutputDevice: Error: [Callstack] 0x00007ffa849693be UE4Editor-Engine.dll!UWorld::BeginPlay() [d:\build\++ue4\sync\engine\source\runtime\engine\private\world.cpp:3699]
[2020.01.05-11.26.40:001][ 17]LogOutputDevice: Error: [Callstack] 0x00007ffa83d61fed UE4Editor-Engine.dll!UGameInstance::StartPlayInEditorGameInstance() [d:\build\++ue4\sync\engine\source\runtime\engine\private\gameinstance.cpp:400]
[2020.01.05-11.26.40:001][ 17]LogOutputDevice: Error: [Callstack] 0x00007ffa970ef989 UE4Editor-UnrealEd.dll!UEditorEngine::CreatePIEGameInstance() [d:\build\++ue4\sync\engine\source\editor\unrealed\private\playlevel.cpp:3298]
[2020.01.05-11.26.40:001][ 17]LogOutputDevice: Error: [Callstack] 0x00007ffa971101ac UE4Editor-UnrealEd.dll!UEditorEngine::PlayInEditor() [d:\build\++ue4\sync\engine\source\editor\unrealed\private\playlevel.cpp:2433]
[2020.01.05-11.26.40:001][ 17]LogOutputDevice: Error: [Callstack] 0x00007ffa9712e536 UE4Editor-UnrealEd.dll!UEditorEngine::StartQueuedPlayMapRequest() [d:\build\++ue4\sync\engine\source\editor\unrealed\private\playlevel.cpp:1268]
[2020.01.05-11.26.40:001][ 17]LogOutputDevice: Error: [Callstack] 0x00007ffa96b46b41 UE4Editor-UnrealEd.dll!UEditorEngine::Tick() [d:\build\++ue4\sync\engine\source\editor\unrealed\private\editorengine.cpp:1605]
[2020.01.05-11.26.40:001][ 17]LogOutputDevice: Error: [Callstack] 0x00007ffa9743f666 UE4Editor-UnrealEd.dll!UUnrealEdEngine::Tick() [d:\build\++ue4\sync\engine\source\editor\unrealed\private\unrealedengine.cpp:403]
[2020.01.05-11.26.40:001][ 17]LogOutputDevice: Error: [Callstack] 0x00007ff784dd5cbd UE4Editor.exe!FEngineLoop::Tick() [d:\build\++ue4\sync\engine\source\runtime\launch\private\launchengineloop.cpp:3495]
[2020.01.05-11.26.40:001][ 17]LogOutputDevice: Error: [Callstack] 0x00007ff784de5b3c UE4Editor.exe!GuardedMain() [d:\build\++ue4\sync\engine\source\runtime\launch\private\launch.cpp:166]
[2020.01.05-11.26.40:001][ 17]LogOutputDevice: Error: [Callstack] 0x00007ff784de5bba UE4Editor.exe!GuardedMainWrapper() [d:\build\++ue4\sync\engine\source\runtime\launch\private\windows\launchwindows.cpp:144]
[2020.01.05-11.26.40:001][ 17]LogOutputDevice: Error: [Callstack] 0x00007ff784df3dac UE4Editor.exe!WinMain() [d:\build\++ue4\sync\engine\source\runtime\launch\private\windows\launchwindows.cpp:223]
[2020.01.05-11.26.40:001][ 17]LogOutputDevice: Error: [Callstack] 0x00007ff784df5aaa UE4Editor.exe!__scrt_common_main_seh() [f:\dd\vctools\crt\vcstartup\src\startup\exe_common.inl:283]
[2020.01.05-11.26.40:001][ 17]LogOutputDevice: Error: [Callstack] 0x00007ffae6fd7bd4 KERNEL32.DLL!UnknownFunction []
[2020.01.05-11.26.40:001][ 17]LogOutputDevice: Error: [Callstack] 0x00007ffae726ced1 ntdll.dll!UnknownFunction []
[2020.01.05-11.26.40:001][ 17]LogOutputDevice: Error: 
[2020.01.05-11.26.40:009][ 17]LogStats:                SubmitErrorReport -  0.000 s
[2020.01.05-11.26.40:870][ 17]LogStats:                    SendNewReport -  0.861 s
[2020.01.05-11.26.40:870][ 17]LogStats:             FDebug::EnsureFailed -  1.657 s
[2020.01.05-11.26.40:874][ 17]PIE: /Game/Map/UEDPIE_0_Natalis_Map_01 에 대한 에디터에서 플레이 시작 시간: 3.775
[2020.01.05-11.26.40:875][ 17]LogEngine: Changing dynamic resolution state.
[2020.01.05-11.26.40:893][ 17]LogRenderer: Releasing previous depth to switch default clear from depth: 0.000000 stencil: 0 to depth: 0.000000 stencil: 0
[2020.01.05-11.26.40:893][ 17]LogRenderer: Releasing previous depth to switch default clear from depth: 0.000000 stencil: 0 to depth: 0.000000 stencil: 0
[2020.01.05-11.26.40:893][ 17]LogRenderer: Releasing previous depth to switch default clear from depth: 0.000000 stencil: 0 to depth: 0.000000 stencil: 0
[2020.01.05-11.26.40:893][ 17]LogRenderer: Releasing previous depth to switch default clear from depth: 0.000000 stencil: 0 to depth: 0.000000 stencil: 0
[2020.01.05-11.26.40:894][ 17]LogRenderer: Releasing previous depth to switch default clear from depth: 0.000000 stencil: 0 to depth: 0.000000 stencil: 0
[2020.01.05-11.26.40:894][ 17]LogRenderer: Releasing previous depth to switch default clear from depth: 0.000000 stencil: 0 to depth: 0.000000 stencil: 0
[2020.01.05-11.26.40:894][ 17]LogRenderer: Reallocating scene render targets to support 1360x800 Format 10 NumSamples 1 (Frame:1).
[2020.01.05-11.26.40:947][ 17]LogRenderer: Releasing previous depth to switch default clear from depth: 0.000000 stencil: 0 to depth: 0.000000 stencil: 0
[2020.01.05-11.26.40:969][ 17]LogRenderer: Reallocating scene render targets to support 2720x1600 Format 26 NumSamples 1 (Frame:1).
[2020.01.05-11.26.40:969][ 17]LogHMD: Allocating Oculus 2720 x 1600 depth rendertarget swapchain
[2020.01.05-11.26.41:028][ 18]LogFileCache: Retrieving MD5 hashes for directory 'D:/Mars_GitHub/LudensVR_Project_02/LudensVR_Project_02/Content/' took 8.67s
[2020.01.05-11.27.08:523][453]LogSlate: Updating window title bar state: overlay mode, drag disabled, window buttons hidden, title bar hidden
[2020.01.05-11.27.08:589][453]LogSlate: Window 'LudensVR_Project_01 게임 미리보기 Standalone (64-비트/PCD3D_SM5)' being destroyed
[2020.01.05-11.27.08:642][453]LogPlayLevel: Display: Shutting down PIE online subsystems
[2020.01.05-11.27.08:716][453]LogSlate: Slate User Unregistered.  User Index 8
[2020.01.05-11.27.08:716][453]LogSlate: Slate User Destroyed.  User Index 8, Is Virtual User: 1
[2020.01.05-11.27.08:741][454]LogPlayLevel: Display: Destroying online subsystem :Context_5
[2020.01.05-11.27.08:742][454]LogEngine: Changing dynamic resolution state.
[2020.01.05-11.27.10:853][660]LogTemp: Repeating last play command: VR 프리뷰
[2020.01.05-11.27.10:880][660]LogPlayLevel: PlayLevel: No blueprints needed recompiling
[2020.01.05-11.27.10:880][660]LogHMD: Initializing OVRPlugin session
[2020.01.05-11.27.10:952][660]PIE: New page: PIE 세션: Natalis_Map_01 (2020. 1. 6. 오전 5:27:10)
[2020.01.05-11.27.10:952][660]LogPlayLevel: Creating play world package: /Game/Map/UEDPIE_0_Natalis_Map_01
[2020.01.05-11.27.11:037][660]LogPlayLevel: PIE: StaticDuplicateObject took: (0.084368s)
[2020.01.05-11.27.11:037][660]LogAIModule: Creating AISystem for world Natalis_Map_01
[2020.01.05-11.27.11:038][660]LogPlayLevel: PIE: World Init took: (0.000855s)
[2020.01.05-11.27.11:038][660]LogPlayLevel: PIE: Created PIE world by copying editor world from /Game/Map/Natalis_Map_01.Natalis_Map_01 to /Game/Map/UEDPIE_0_Natalis_Map_01.Natalis_Map_01 (0.085570s)
[2020.01.05-11.27.11:162][660]LogInit: XAudio2 using '헤드폰(Rift Audio)' : 2 channels at 48 kHz using 16 bits per sample (channel mask 0x3)
[2020.01.05-11.27.11:197][660]LogInit: FAudioDevice initialized.
[2020.01.05-11.27.11:229][660]LogSlate: Updating window title bar state: overlay mode, drag disabled, window buttons hidden, title bar hidden
[2020.01.05-11.27.11:337][660]LogHMD: Allocating Oculus 2720 x 1600 rendertarget swapchain
[2020.01.05-11.27.11:366][660]LogLoad: Game class is 'TP_VRGameModeBaseCPP'
[2020.01.05-11.27.11:396][660]LogWorld: Bringing World /Game/Map/UEDPIE_0_Natalis_Map_01.Natalis_Map_01 up for play (max tick rate 0) at 2020.01.05-20.27.11
[2020.01.05-11.27.11:399][660]LogWorld: Bringing up level for play took: 0.032764
[2020.01.05-11.27.11:418][660]LogSlate: New Slate User Created.  User Index 8, Is Virtual User: 1
[2020.01.05-11.27.11:418][660]LogSlate: Slate User Registered.  User Index 8, Is Virtual User: 1
[2020.01.05-11.27.11:421][660]PIE: /Game/Map/UEDPIE_0_Natalis_Map_01 에 대한 에디터에서 플레이 시작 시간: 0.322
[2020.01.05-11.27.11:422][660]LogEngine: Changing dynamic resolution state.
[2020.01.05-11.27.11:433][660]LogRenderer: Releasing previous depth to switch default clear from depth: 0.000000 stencil: 0 to depth: 0.000000 stencil: 0
[2020.01.05-11.27.11:433][660]LogHMD: Allocating Oculus 2720 x 1600 depth rendertarget swapchain
[2020.01.05-11.28.02:686][832]LogSlate: Updating window title bar state: overlay mode, drag disabled, window buttons hidden, title bar hidden
[2020.01.05-11.28.02:750][832]LogSlate: Window 'LudensVR_Project_01 게임 미리보기 Standalone (64-비트/PCD3D_SM5)' being destroyed
[2020.01.05-11.28.02:797][832]LogPlayLevel: Display: Shutting down PIE online subsystems
[2020.01.05-11.28.02:866][832]LogSlate: Slate User Unregistered.  User Index 8
[2020.01.05-11.28.02:866][832]LogSlate: Slate User Destroyed.  User Index 8, Is Virtual User: 1
[2020.01.05-11.28.02:887][833]LogPlayLevel: Display: Destroying online subsystem :Context_6
[2020.01.05-11.28.02:887][833]LogEngine: Changing dynamic resolution state.
[2020.01.05-11.28.21:970][ 21]LogTemp: Repeating last play command: VR 프리뷰
[2020.01.05-11.28.21:992][ 21]LogPlayLevel: PlayLevel: No blueprints needed recompiling
[2020.01.05-11.28.21:992][ 21]LogHMD: Initializing OVRPlugin session
[2020.01.05-11.28.22:056][ 21]PIE: New page: PIE 세션: Natalis_Map_01 (2020. 1. 6. 오전 5:28:22)
[2020.01.05-11.28.22:056][ 21]LogPlayLevel: Creating play world package: /Game/Map/UEDPIE_0_Natalis_Map_01
[2020.01.05-11.28.22:152][ 21]LogPlayLevel: PIE: StaticDuplicateObject took: (0.095881s)
[2020.01.05-11.28.22:152][ 21]LogAIModule: Creating AISystem for world Natalis_Map_01
[2020.01.05-11.28.22:152][ 21]LogPlayLevel: PIE: World Init took: (0.000905s)
[2020.01.05-11.28.22:152][ 21]LogPlayLevel: PIE: Created PIE world by copying editor world from /Game/Map/Natalis_Map_01.Natalis_Map_01 to /Game/Map/UEDPIE_0_Natalis_Map_01.Natalis_Map_01 (0.097128s)
[2020.01.05-11.28.22:287][ 21]LogInit: XAudio2 using '헤드폰(Rift Audio)' : 2 channels at 48 kHz using 16 bits per sample (channel mask 0x3)
[2020.01.05-11.28.22:321][ 21]LogInit: FAudioDevice initialized.
[2020.01.05-11.28.22:352][ 21]LogSlate: Updating window title bar state: overlay mode, drag disabled, window buttons hidden, title bar hidden
[2020.01.05-11.28.22:461][ 21]LogHMD: Allocating Oculus 2720 x 1600 rendertarget swapchain
[2020.01.05-11.28.22:489][ 21]LogLoad: Game class is 'TP_VRGameModeBaseCPP'
[2020.01.05-11.28.22:522][ 21]LogWorld: Bringing World /Game/Map/UEDPIE_0_Natalis_Map_01.Natalis_Map_01 up for play (max tick rate 0) at 2020.01.05-20.28.22
[2020.01.05-11.28.22:526][ 21]LogWorld: Bringing up level for play took: 0.035245
[2020.01.05-11.28.22:544][ 21]LogSlate: New Slate User Created.  User Index 8, Is Virtual User: 1
[2020.01.05-11.28.22:544][ 21]LogSlate: Slate User Registered.  User Index 8, Is Virtual User: 1
[2020.01.05-11.28.22:548][ 21]PIE: /Game/Map/UEDPIE_0_Natalis_Map_01 에 대한 에디터에서 플레이 시작 시간: 1.449
[2020.01.05-11.28.22:549][ 21]LogEngine: Changing dynamic resolution state.
[2020.01.05-11.28.22:560][ 21]LogRenderer: Releasing previous depth to switch default clear from depth: 0.000000 stencil: 0 to depth: 0.000000 stencil: 0
[2020.01.05-11.28.22:560][ 21]LogHMD: Allocating Oculus 2720 x 1600 depth rendertarget swapchain
[2020.01.05-11.30.13:043][ 22]LogSlate: Updating window title bar state: overlay mode, drag disabled, window buttons hidden, title bar hidden
[2020.01.05-11.30.13:086][ 22]LogSlate: Window 'LudensVR_Project_01 게임 미리보기 Standalone (64-비트/PCD3D_SM5)' being destroyed
[2020.01.05-11.30.13:129][ 22]LogPlayLevel: Display: Shutting down PIE online subsystems
[2020.01.05-11.30.13:194][ 22]LogSlate: Slate User Unregistered.  User Index 8
[2020.01.05-11.30.13:194][ 22]LogSlate: Slate User Destroyed.  User Index 8, Is Virtual User: 1
[2020.01.05-11.30.13:215][ 23]LogPlayLevel: Display: Destroying online subsystem :Context_7
[2020.01.05-11.30.13:216][ 23]LogEngine: Changing dynamic resolution state.
[2020.01.05-11.30.40:655][301]Candidate modules for hot reload:
[2020.01.05-11.30.40:655][301]  LudensVR_Project_01
[2020.01.05-11.30.40:656][301]Launching UnrealBuildTool... [D:/Epic Games/UE_4.20/Engine/Binaries/DotNET/UnrealBuildTool.exe  -ModuleWithSuffix=LudensVR_Project_01,4469 Win64 Development -TargetType=Editor -Project="../../../../../Mars_GitHub/LudensVR_Project_02/LudensVR_Project_02/LudensVR_Project_01.uproject" -canskiplink "D:/Mars_GitHub/LudensVR_Project_02/LudensVR_Project_02/LudensVR_Project_01.uproject" ]
[2020.01.05-11.30.40:659][301]Warning: Starting HotReload took  0.1s.
[2020.01.05-11.31.05:489][451]CompilerResultsLog: New page: 컴파일 - 2020. 1. 6. 오전 5:31:05
[2020.01.05-11.31.05:490][451]CompilerResultsLog: Using 'git status' to determine working set for adaptive non-unity build.
[2020.01.05-11.31.05:490][451]CompilerResultsLog: Creating makefile for hot reloading LudensVR_Project_01Editor (modules to compile have changed)
[2020.01.05-11.31.05:490][451]CompilerResultsLog: Compiling game modules for hot reload
[2020.01.05-11.31.05:490][451]CompilerResultsLog: Using Visual Studio 2017 14.16.27023 toolchain (C:\Program Files (x86)\Microsoft Visual Studio\2017\Community\VC\Tools\MSVC\14.16.27023) and Windows 10.0.17763.0 SDK (C:\Program Files (x86)\Windows Kits\10).
[2020.01.05-11.31.05:490][451]CompilerResultsLog: Building 3 actions with 20 processes...
[2020.01.05-11.31.05:490][451]CompilerResultsLog:   [1/3] LV_VirtualRealityCharacter.cpp
[2020.01.05-11.31.05:490][451]CompilerResultsLog:   [2/3] UE4Editor-LudensVR_Project_01-4469.lib
[2020.01.05-11.31.05:490][451]CompilerResultsLog:      D:\Mars_GitHub\LudensVR_Project_02\LudensVR_Project_02\Intermediate\Build\Win64\UE4Editor\Development\LudensVR_Project_01\UE4Editor-LudensVR_Project_01-4469.lib ???????? ?? D:\Mars_GitHub\LudensVR_Project_02\LudensVR_Project_02\Intermediate\Build\Win64\UE4Editor\Development\LudensVR_Project_01\UE4Editor-LudensVR_Project_01-4469.exp ??u?? ??????? ??????.
[2020.01.05-11.31.05:490][451]CompilerResultsLog:   [3/3] UE4Editor-LudensVR_Project_01-4469.dll
[2020.01.05-11.31.05:490][451]CompilerResultsLog:      D:\Mars_GitHub\LudensVR_Project_02\LudensVR_Project_02\Intermediate\Build\Win64\UE4Editor\Development\LudensVR_Project_01\UE4Editor-LudensVR_Project_01-4469.suppressed.lib ???????? ?? D:\Mars_GitHub\LudensVR_Project_02\LudensVR_Project_02\Intermediate\Build\Win64\UE4Editor\Development\LudensVR_Project_01\UE4Editor-LudensVR_Project_01-4469.suppressed.exp ??u?? ??????? ??????.
[2020.01.05-11.31.05:490][451]CompilerResultsLog: Error:   LV_VirtualRealityCharacter.cpp.obj : error LNK2019: "public: bool __cdecl UOculusBoundaryComponent::IsOuterBoundaryTriggered(void)" (?IsOuterBoundaryTriggered@UOculusBoundaryComponent@@QEAA_NXZ) ??? ???(???? ???: "public: virtual void __cdecl ALV_VirtualRealityCharacter::Tick(float)" (?Tick@ALV_VirtualRealityCharacter@@UEAAXM@Z) ???)???? ??????? ????????.
[2020.01.05-11.31.05:490][451]CompilerResultsLog: Error:   D:\Mars_GitHub\LudensVR_Project_02\LudensVR_Project_02\Binaries\Win64\UE4Editor-LudensVR_Project_01-4469.dll : fatal error LNK1120: 1???? ????? ?? ???? ??? ????????.
[2020.01.05-11.31.05:490][451]CompilerResultsLog: ERROR: UBT ERROR: Failed to produce item: D:\Mars_GitHub\LudensVR_Project_02\LudensVR_Project_02\Binaries\Win64\UE4Editor-LudensVR_Project_01-4469.dll
[2020.01.05-11.31.05:490][451]CompilerResultsLog:        (see ../Programs/UnrealBuildTool/Log.txt for full exception trace)
[2020.01.05-11.31.05:490][451]CompilerResultsLog: Total build time: 24.18 seconds (Parallel executor: 0.00 seconds)
[2020.01.05-11.31.05:490][451]LogMainFrame: MainFrame: Module compiling took 24.855 seconds
[2020.01.05-11.31.05:490][451]Warning: HotReload failed, recompile failed
[2020.01.05-12.43.40:964][708]LogSlate: Only BGRA pngs, bmps or icos are supported in by External Image Picker
[2020.01.05-12.43.41:061][709]LogTemp: Executing iPhonePackager certificates Engine -bundlename com.YourCompany.LudensVRProject01
[2020.01.05-12.43.41:061][709]LogTemp: CWD: D:\Epic Games\UE_4.20\Engine\Binaries\DotNET\IOS
[2020.01.05-12.43.41:061][709]LogTemp: Initial Dir: D:\Epic Games\UE_4.20
[2020.01.05-12.43.41:061][709]LogTemp: Env CWD: D:\Epic Games\UE_4.20\Engine\Binaries\DotNET\IOS
[2020.01.05-12.43.41:064][709]LogTemp: BranchPath = 3DCL-MARS/D/Epic Games/UE_4.20/Engine/Binaries --- GameBranchPath = 3DCL-MARS/D/Epic Games/UE_4.20/Engine/Binaries
[2020.01.05-12.43.41:101][711]LogTemp: IPP ERROR: Could not find provision directory 'C:\Users\3DCL_Gamma\AppData\Local/Apple Computer/MobileDevice/Provisioning Profiles/'.
[2020.01.05-12.44.29:319][344]LogSlate: Window '프로젝트 세팅' being destroyed
[2020.01.05-12.44.29:325][344]LogSlate: Window '프로젝트 세팅' being destroyed
[2020.01.05-12.45.00:764][945]LogDirectoryWatcher: Warning: Failed to begin reading directory changes for ../../../../../Mars_GitHub/LudensVR_Project_02/LudensVR_Project_02/Plugins/. Error: 지정된 파일을 찾을 수 없습니다. (0x00000002)
[2020.01.05-12.45.25:746][893]LogSlate: Window '플러그인' being destroyed
[2020.01.05-12.45.25:751][893]LogSlate: Window '플러그인' being destroyed
[2020.01.05-12.45.25:751][893]LogDirectoryWatcher: A directory notification for '../../../Engine/Plugins/' was aborted.
[2020.01.05-12.45.36:980][ 60]LogWindows: Windows GetLastError: 작업을 완료했습니다. (0)
[2020.01.05-12.46.33:041][ 60]LogWindows: Error: === Critical error: ===
[2020.01.05-12.46.33:041][ 60]LogWindows: Error: 
[2020.01.05-12.46.33:041][ 60]LogWindows: Error: Assertion failed: UnscaledViewRect.Width() > 0 [File:D:\Build\++UE4\Sync\Engine\Source\Runtime\Engine\Private\SceneView.cpp] [Line: 608] 
[2020.01.05-12.46.33:041][ 60]LogWindows: Error: 
[2020.01.05-12.46.33:041][ 60]LogWindows: Error: 
[2020.01.05-12.46.33:041][ 60]LogWindows: Error: 
[2020.01.05-12.46.33:041][ 60]LogWindows: Error: [Callstack] 0x00007ffae44ca839 KERNELBASE.dll!UnknownFunction []
[2020.01.05-12.46.33:041][ 60]LogWindows: Error: [Callstack] 0x00007ffac27d6850 UE4Editor-ApplicationCore.dll!FWindowsErrorOutputDevice::Serialize() [d:\build\++ue4\sync\engine\source\runtime\applicationcore\private\windows\windowserroroutputdevice.cpp:65]
[2020.01.05-12.46.33:041][ 60]LogWindows: Error: [Callstack] 0x00007ffaa0a862fc UE4Editor-Core.dll!FOutputDevice::LogfImpl() [d:\build\++ue4\sync\engine\source\runtime\core\private\misc\outputdevice.cpp:70]
[2020.01.05-12.46.33:041][ 60]LogWindows: Error: [Callstack] 0x00007ffaa0a151db UE4Editor-Core.dll!FDebug::AssertFailed() [d:\build\++ue4\sync\engine\source\runtime\core\private\misc\assertionmacros.cpp:425]
[2020.01.05-12.46.33:041][ 60]LogWindows: Error: [Callstack] 0x00007ffa8448d9d3 UE4Editor-Engine.dll!FSceneView::FSceneView() [d:\build\++ue4\sync\engine\source\runtime\engine\private\sceneview.cpp:609]
[2020.01.05-12.46.33:041][ 60]LogWindows: Error: [Callstack] 0x00007ffa96bf639a UE4Editor-UnrealEd.dll!FEditorViewportClient::CalcSceneView() [d:\build\++ue4\sync\engine\source\editor\unrealed\private\editorviewportclient.cpp:1048]
[2020.01.05-12.46.33:041][ 60]LogWindows: Error: [Callstack] 0x00007ffa97001482 UE4Editor-UnrealEd.dll!FLevelEditorViewportClient::CalcSceneView() [d:\build\++ue4\sync\engine\source\editor\unrealed\private\leveleditorviewport.cpp:1739]
[2020.01.05-12.46.33:041][ 60]LogWindows: Error: [Callstack] 0x00007ffa97015554 UE4Editor-UnrealEd.dll!FLevelEditorViewportClient::GetCursorWorldLocationFromMousePos() [d:\build\++ue4\sync\engine\source\editor\unrealed\private\leveleditorviewport.cpp:3832]
[2020.01.05-12.46.33:041][ 60]LogWindows: Error: [Callstack] 0x00007ffa96a780f7 UE4Editor-UnrealEd.dll!FActorPositioning::GetCurrentViewportPlacementTransform() [d:\build\++ue4\sync\engine\source\editor\unrealed\private\editor\actorpositioning.cpp:150]
[2020.01.05-12.46.33:041][ 60]LogWindows: Error: [Callstack] 0x00007ffa97039605 UE4Editor-UnrealEd.dll!FLevelEditorViewportClient::TryPlacingActorFromObject() [d:\build\++ue4\sync\engine\source\editor\unrealed\private\leveleditorviewport.cpp:231]
[2020.01.05-12.46.33:041][ 60]LogWindows: Error: [Callstack] 0x00007ffa9700fe9f UE4Editor-UnrealEd.dll!FLevelEditorViewportClient::DropObjectsOnActor() [d:\build\++ue4\sync\engine\source\editor\unrealed\private\leveleditorviewport.cpp:872]
[2020.01.05-12.46.33:041][ 60]LogWindows: Error: [Callstack] 0x00007ffa9700f577 UE4Editor-UnrealEd.dll!FLevelEditorViewportClient::DropObjectsAtCoordinates() [d:\build\++ue4\sync\engine\source\editor\unrealed\private\leveleditorviewport.cpp:1306]
[2020.01.05-12.46.33:041][ 60]LogWindows: Error: [Callstack] 0x00007ffa8f048d9f UE4Editor-LevelEditor.dll!SLevelViewport::HandlePlaceDraggedObjects() [d:\build\++ue4\sync\engine\source\editor\leveleditor\private\slevelviewport.cpp:800]
[2020.01.05-12.46.33:041][ 60]LogWindows: Error: [Callstack] 0x00007ffa8f06484e UE4Editor-LevelEditor.dll!SLevelViewport::OnDragEnter() [d:\build\++ue4\sync\engine\source\editor\leveleditor\private\slevelviewport.cpp:523]
[2020.01.05-12.46.33:041][ 60]LogWindows: Error: [Callstack] 0x00007ffaafdd65fe UE4Editor-Slate.dll!FEventRouter::Route<FNoReply,FEventRouter::FBubblePolicy,FDragDropEvent,<lambda_f61e425f9587e96b799927cd214b1498> >() [d:\build\++ue4\sync\engine\source\runtime\slate\private\framework\application\slateapplication.cpp:268]
[2020.01.05-12.46.33:041][ 60]LogWindows: Error: [Callstack] 0x00007ffaafe71263 UE4Editor-Slate.dll!FSlateApplication::RoutePointerMoveEvent() [d:\build\++ue4\sync\engine\source\runtime\slate\private\framework\application\slateapplication.cpp:5757]
[2020.01.05-12.46.33:042][ 60]LogWindows: Error: [Callstack] 0x00007ffaafe58538 UE4Editor-Slate.dll!FSlateApplication::ProcessMouseMoveEvent() [d:\build\++ue4\sync\engine\source\runtime\slate\private\framework\application\slateapplication.cpp:6194]
[2020.01.05-12.46.33:042][ 60]LogWindows: Error: [Callstack] 0x00007ffaafe4b073 UE4Editor-Slate.dll!FSlateApplication::OnMouseMove() [d:\build\++ue4\sync\engine\source\runtime\slate\private\framework\application\slateapplication.cpp:6128]
[2020.01.05-12.46.33:042][ 60]LogWindows: Error: [Callstack] 0x00007ffac27cd007 UE4Editor-ApplicationCore.dll!FWindowsApplication::ProcessDeferredMessage() [d:\build\++ue4\sync\engine\source\runtime\applicationcore\private\windows\windowsapplication.cpp:1774]
[2020.01.05-12.46.33:042][ 60]LogWindows: Error: [Callstack] 0x00007ffac27c0270 UE4Editor-ApplicationCore.dll!FWindowsApplication::DeferMessage() [d:\build\++ue4\sync\engine\source\runtime\applicationcore\private\windows\windowsapplication.cpp:2182]
[2020.01.05-12.46.33:042][ 60]LogWindows: Error: [Callstack] 0x00007ffac27cf4c5 UE4Editor-ApplicationCore.dll!FWindowsApplication::ProcessMessage() [d:\build\++ue4\sync\engine\source\runtime\applicationcore\private\windows\windowsapplication.cpp:895]
[2020.01.05-12.46.33:042][ 60]LogWindows: Error: [Callstack] 0x00007ffac27bc209 UE4Editor-ApplicationCore.dll!FWindowsApplication::AppWndProc() [d:\build\++ue4\sync\engine\source\runtime\applicationcore\private\windows\windowsapplication.cpp:732]
[2020.01.05-12.46.33:042][ 60]LogWindows: Error: [Callstack] 0x00007ffae66b63ed USER32.dll!UnknownFunction []
[2020.01.05-12.46.33:042][ 60]LogWindows: Error: [Callstack] 0x00007ffae66b5de2 USER32.dll!UnknownFunction []
[2020.01.05-12.46.33:042][ 60]LogWindows: Error: [Callstack] 0x00007ffac27d0646 UE4Editor-ApplicationCore.dll!FWindowsPlatformApplicationMisc::PumpMessages() [d:\build\++ue4\sync\engine\source\runtime\applicationcore\private\windows\windowsplatformapplicationmisc.cpp:129]
[2020.01.05-12.46.33:042][ 60]LogWindows: Error: [Callstack] 0x00007ff784dd54e5 UE4Editor.exe!FEngineLoop::Tick() [d:\build\++ue4\sync\engine\source\runtime\launch\private\launchengineloop.cpp:3417]
[2020.01.05-12.46.33:042][ 60]LogWindows: Error: [Callstack] 0x00007ff784de5b3c UE4Editor.exe!GuardedMain() [d:\build\++ue4\sync\engine\source\runtime\launch\private\launch.cpp:166]
[2020.01.05-12.46.33:042][ 60]LogWindows: Error: [Callstack] 0x00007ff784de5bba UE4Editor.exe!GuardedMainWrapper() [d:\build\++ue4\sync\engine\source\runtime\launch\private\windows\launchwindows.cpp:144]
[2020.01.05-12.46.33:042][ 60]LogWindows: Error: [Callstack] 0x00007ff784df3dac UE4Editor.exe!WinMain() [d:\build\++ue4\sync\engine\source\runtime\launch\private\windows\launchwindows.cpp:223]
[2020.01.05-12.46.33:042][ 60]LogWindows: Error: [Callstack] 0x00007ff784df5aaa UE4Editor.exe!__scrt_common_main_seh() [f:\dd\vctools\crt\vcstartup\src\startup\exe_common.inl:283]
[2020.01.05-12.46.33:042][ 60]LogWindows: Error: [Callstack] 0x00007ffae6fd7bd4 KERNEL32.DLL!UnknownFunction []
[2020.01.05-12.46.33:042][ 60]LogWindows: Error: [Callstack] 0x00007ffae726ced1 ntdll.dll!UnknownFunction []
[2020.01.05-12.46.33:042][ 60]LogWindows: Error: 
[2020.01.05-12.46.33:046][ 60]LogExit: Executing StaticShutdownAfterError
[2020.01.05-12.46.33:053][ 60]LogWindows: FPlatformMisc::RequestExit(1)
[2020.01.05-12.46.33:056][ 60]Log file closed, 01/05/20 21:46:33
